Copyright 1986-2016 Xilinx, Inc. All Rights Reserved.
------------------------------------------------------------------------------------------------------------------------------------
| Tool Version : Vivado v.2016.4 (win64) Build 1756540 Mon Jan 23 19:11:23 MST 2017
| Date         : Fri Jun 30 23:19:57 2017
| Host         : kpoduval-PC running 64-bit Service Pack 1  (build 7601)
| Command      : report_drc -file system_wrapper_drc_routed.rpt -pb system_wrapper_drc_routed.pb -rpx system_wrapper_drc_routed.rpx
| Design       : system_wrapper
| Device       : xc7z010clg400-1
| Speed File   : -1
| Design State : Routed
------------------------------------------------------------------------------------------------------------------------------------

Report DRC

Table of Contents
-----------------
1. REPORT SUMMARY
2. REPORT DETAILS

1. REPORT SUMMARY
-----------------
            Netlist: netlist
          Floorplan: design_1
      Design limits: <entire design considered>
           Ruledeck: default
             Max violations: <unlimited>
             Violations found: 65
+-----------+----------+----------------------------+------------+
| Rule      | Severity | Description                | Violations |
+-----------+----------+----------------------------+------------+
| CHECK-3   | Warning  | Report rule limit reached  | 2          |
| DPIP-1    | Warning  | Input pipelining           | 7          |
| DPOP-1    | Warning  | PREG Output pipelining     | 8          |
| DPOP-2    | Warning  | MREG Output pipelining     | 7          |
| REQP-1839 | Warning  | RAMB36 async control check | 20         |
| REQP-1840 | Warning  | RAMB18 async control check | 20         |
| RTSTAT-10 | Warning  | No routable loads          | 1          |
+-----------+----------+----------------------------+------------+

2. REPORT DETAILS
-----------------
CHECK-3#1 Warning
Report rule limit reached  
REQP-1839 rule limit reached: 20 violations have been found.
Related violations: <none>

CHECK-3#2 Warning
Report rule limit reached  
REQP-1840 rule limit reached: 20 violations have been found.
Related violations: <none>

DPIP-1#1 Warning
Input pipelining  
DSP system_i/v_tpg_0/inst/tpgBackground_U0/grp_tpgPatternRainbow_fu_395/tmp_164_cast_reg_680_reg input system_i/v_tpg_0/inst/tpgBackground_U0/grp_tpgPatternRainbow_fu_395/tmp_164_cast_reg_680_reg/A[29:0] is not pipelined. Pipelining DSP48 input will improve performance.
Related violations: <none>

DPIP-1#2 Warning
Input pipelining  
DSP system_i/v_tpg_0/inst/tpgBackground_U0/grp_tpgPatternRainbow_fu_395/tmp_52_reg_668_reg input system_i/v_tpg_0/inst/tpgBackground_U0/grp_tpgPatternRainbow_fu_395/tmp_52_reg_668_reg/A[29:0] is not pipelined. Pipelining DSP48 input will improve performance.
Related violations: <none>

DPIP-1#3 Warning
Input pipelining  
DSP system_i/v_tpg_0/inst/tpgBackground_U0/grp_tpgPatternRainbow_fu_395/tmp_52_reg_668_reg input system_i/v_tpg_0/inst/tpgBackground_U0/grp_tpgPatternRainbow_fu_395/tmp_52_reg_668_reg/C[47:0] is not pipelined. Pipelining DSP48 input will improve performance.
Related violations: <none>

DPIP-1#4 Warning
Input pipelining  
DSP system_i/v_tpg_0/inst/tpgBackground_U0/grp_tpgPatternRainbow_fu_395/v_tpg_mac_muladd_Aem_U41/system_v_tpg_0_0_v_tpg_mac_muladd_Aem_DSP48_4_U/p input system_i/v_tpg_0/inst/tpgBackground_U0/grp_tpgPatternRainbow_fu_395/v_tpg_mac_muladd_Aem_U41/system_v_tpg_0_0_v_tpg_mac_muladd_Aem_DSP48_4_U/p/C[47:0] is not pipelined. Pipelining DSP48 input will improve performance.
Related violations: <none>

DPIP-1#5 Warning
Input pipelining  
DSP system_i/v_tpg_0/inst/tpgBackground_U0/grp_tpgPatternRainbow_fu_395/v_tpg_mac_muladd_wdI_U37/system_v_tpg_0_0_v_tpg_mac_muladd_wdI_DSP48_0_U/p input system_i/v_tpg_0/inst/tpgBackground_U0/grp_tpgPatternRainbow_fu_395/v_tpg_mac_muladd_wdI_U37/system_v_tpg_0_0_v_tpg_mac_muladd_wdI_DSP48_0_U/p/A[29:0] is not pipelined. Pipelining DSP48 input will improve performance.
Related violations: <none>

DPIP-1#6 Warning
Input pipelining  
DSP system_i/v_tpg_0/inst/tpgBackground_U0/grp_tpgPatternRainbow_fu_395/v_tpg_mac_muladd_yd2_U39/system_v_tpg_0_0_v_tpg_mac_muladd_yd2_DSP48_2_U/p input system_i/v_tpg_0/inst/tpgBackground_U0/grp_tpgPatternRainbow_fu_395/v_tpg_mac_muladd_yd2_U39/system_v_tpg_0_0_v_tpg_mac_muladd_yd2_DSP48_2_U/p/A[29:0] is not pipelined. Pipelining DSP48 input will improve performance.
Related violations: <none>

DPIP-1#7 Warning
Input pipelining  
DSP system_i/v_tpg_0/inst/tpgBackground_U0/grp_tpgPatternRainbow_fu_395/v_tpg_mac_muladd_zec_U40/system_v_tpg_0_0_v_tpg_mac_muladd_zec_DSP48_3_U/p input system_i/v_tpg_0/inst/tpgBackground_U0/grp_tpgPatternRainbow_fu_395/v_tpg_mac_muladd_zec_U40/system_v_tpg_0_0_v_tpg_mac_muladd_zec_DSP48_3_U/p/A[29:0] is not pipelined. Pipelining DSP48 input will improve performance.
Related violations: <none>

DPOP-1#1 Warning
PREG Output pipelining  
DSP system_i/v_tpg_0/inst/tpgBackground_U0/grp_tpgPatternRainbow_fu_395/v_tpg_mac_muladd_Aem_U41/system_v_tpg_0_0_v_tpg_mac_muladd_Aem_DSP48_4_U/p output system_i/v_tpg_0/inst/tpgBackground_U0/grp_tpgPatternRainbow_fu_395/v_tpg_mac_muladd_Aem_U41/system_v_tpg_0_0_v_tpg_mac_muladd_Aem_DSP48_4_U/p/P[47:0] is not pipelined (PREG=0). Pipelining the DSP48 output will improve performance and often saves power so it is suggested whenever possible to fully pipeline this function.  If this DSP48 function was inferred, it is suggested to describe an additional register stage after this function.  If the DSP48 was instantiated in the design, it is suggested to set the PREG attribute to 1.
Related violations: <none>

DPOP-1#2 Warning
PREG Output pipelining  
DSP system_i/v_tpg_0/inst/tpgBackground_U0/grp_tpgPatternRainbow_fu_395/v_tpg_mac_muladd_Bew_U42/system_v_tpg_0_0_v_tpg_mac_muladd_Bew_DSP48_5_U/p output system_i/v_tpg_0/inst/tpgBackground_U0/grp_tpgPatternRainbow_fu_395/v_tpg_mac_muladd_Bew_U42/system_v_tpg_0_0_v_tpg_mac_muladd_Bew_DSP48_5_U/p/P[47:0] is not pipelined (PREG=0). Pipelining the DSP48 output will improve performance and often saves power so it is suggested whenever possible to fully pipeline this function.  If this DSP48 function was inferred, it is suggested to describe an additional register stage after this function.  If the DSP48 was instantiated in the design, it is suggested to set the PREG attribute to 1.
Related violations: <none>

DPOP-1#3 Warning
PREG Output pipelining  
DSP system_i/v_tpg_0/inst/tpgBackground_U0/grp_tpgPatternRainbow_fu_395/v_tpg_mac_muladd_wdI_U37/system_v_tpg_0_0_v_tpg_mac_muladd_wdI_DSP48_0_U/p output system_i/v_tpg_0/inst/tpgBackground_U0/grp_tpgPatternRainbow_fu_395/v_tpg_mac_muladd_wdI_U37/system_v_tpg_0_0_v_tpg_mac_muladd_wdI_DSP48_0_U/p/P[47:0] is not pipelined (PREG=0). Pipelining the DSP48 output will improve performance and often saves power so it is suggested whenever possible to fully pipeline this function.  If this DSP48 function was inferred, it is suggested to describe an additional register stage after this function.  If the DSP48 was instantiated in the design, it is suggested to set the PREG attribute to 1.
Related violations: <none>

DPOP-1#4 Warning
PREG Output pipelining  
DSP system_i/v_tpg_0/inst/tpgBackground_U0/grp_tpgPatternRainbow_fu_395/v_tpg_mac_muladd_yd2_U39/system_v_tpg_0_0_v_tpg_mac_muladd_yd2_DSP48_2_U/p output system_i/v_tpg_0/inst/tpgBackground_U0/grp_tpgPatternRainbow_fu_395/v_tpg_mac_muladd_yd2_U39/system_v_tpg_0_0_v_tpg_mac_muladd_yd2_DSP48_2_U/p/P[47:0] is not pipelined (PREG=0). Pipelining the DSP48 output will improve performance and often saves power so it is suggested whenever possible to fully pipeline this function.  If this DSP48 function was inferred, it is suggested to describe an additional register stage after this function.  If the DSP48 was instantiated in the design, it is suggested to set the PREG attribute to 1.
Related violations: <none>

DPOP-1#5 Warning
PREG Output pipelining  
DSP system_i/v_tpg_0/inst/tpgBackground_U0/grp_tpgPatternZonePlate_fu_404/tmp_22_reg_445_reg output system_i/v_tpg_0/inst/tpgBackground_U0/grp_tpgPatternZonePlate_fu_404/tmp_22_reg_445_reg/P[47:0] is not pipelined (PREG=0). Pipelining the DSP48 output will improve performance and often saves power so it is suggested whenever possible to fully pipeline this function.  If this DSP48 function was inferred, it is suggested to describe an additional register stage after this function.  If the DSP48 was instantiated in the design, it is suggested to set the PREG attribute to 1.
Related violations: <none>

DPOP-1#6 Warning
PREG Output pipelining  
DSP system_i/v_tpg_0/inst/tpgBackground_U0/grp_tpgPatternZonePlate_fu_404/tmp_31_tr_reg_439_reg output system_i/v_tpg_0/inst/tpgBackground_U0/grp_tpgPatternZonePlate_fu_404/tmp_31_tr_reg_439_reg/P[47:0] is not pipelined (PREG=0). Pipelining the DSP48 output will improve performance and often saves power so it is suggested whenever possible to fully pipeline this function.  If this DSP48 function was inferred, it is suggested to describe an additional register stage after this function.  If the DSP48 was instantiated in the design, it is suggested to set the PREG attribute to 1.
Related violations: <none>

DPOP-1#7 Warning
PREG Output pipelining  
DSP system_i/v_tpg_0/inst/tpgBackground_U0/grp_tpgPatternZonePlate_fu_404/v_tpg_am_addmul_1Mgi_U60/system_v_tpg_0_0_v_tpg_am_addmul_1Mgi_DSP48_6_U/m output system_i/v_tpg_0/inst/tpgBackground_U0/grp_tpgPatternZonePlate_fu_404/v_tpg_am_addmul_1Mgi_U60/system_v_tpg_0_0_v_tpg_am_addmul_1Mgi_DSP48_6_U/m/P[47:0] is not pipelined (PREG=0). Pipelining the DSP48 output will improve performance and often saves power so it is suggested whenever possible to fully pipeline this function.  If this DSP48 function was inferred, it is suggested to describe an additional register stage after this function.  If the DSP48 was instantiated in the design, it is suggested to set the PREG attribute to 1.
Related violations: <none>

DPOP-1#8 Warning
PREG Output pipelining  
DSP system_i/v_tpg_0/inst/tpgBackground_U0/grp_tpgPatternZonePlate_fu_404/v_tpg_mac_muladd_Ngs_U61/system_v_tpg_0_0_v_tpg_mac_muladd_Ngs_DSP48_7_U/p output system_i/v_tpg_0/inst/tpgBackground_U0/grp_tpgPatternZonePlate_fu_404/v_tpg_mac_muladd_Ngs_U61/system_v_tpg_0_0_v_tpg_mac_muladd_Ngs_DSP48_7_U/p/P[47:0] is not pipelined (PREG=0). Pipelining the DSP48 output will improve performance and often saves power so it is suggested whenever possible to fully pipeline this function.  If this DSP48 function was inferred, it is suggested to describe an additional register stage after this function.  If the DSP48 was instantiated in the design, it is suggested to set the PREG attribute to 1.
Related violations: <none>

DPOP-2#1 Warning
MREG Output pipelining  
DSP system_i/v_tpg_0/inst/tpgBackground_U0/grp_tpgPatternRainbow_fu_395/tmp_52_reg_668_reg multiplier stage system_i/v_tpg_0/inst/tpgBackground_U0/grp_tpgPatternRainbow_fu_395/tmp_52_reg_668_reg/P[47:0] is not pipelined (MREG=0). Pipelining the multiplier function will improve performance and will save significant power so it is suggested whenever possible to fully pipeline this function.  If this multiplier was inferred, it is suggested to describe an additional register stage after this function.  If there is no registered adder/accumulator following the multiply function, two pipeline stages are suggested to allow both the MREG and PREG registers to be used.  If the DSP48 was instantiated in the design, it is suggested to set both the MREG and PREG attributes to 1 when performing multiply functions.
Related violations: <none>

DPOP-2#2 Warning
MREG Output pipelining  
DSP system_i/v_tpg_0/inst/tpgBackground_U0/grp_tpgPatternRainbow_fu_395/v_tpg_mac_muladd_Aem_U41/system_v_tpg_0_0_v_tpg_mac_muladd_Aem_DSP48_4_U/p multiplier stage system_i/v_tpg_0/inst/tpgBackground_U0/grp_tpgPatternRainbow_fu_395/v_tpg_mac_muladd_Aem_U41/system_v_tpg_0_0_v_tpg_mac_muladd_Aem_DSP48_4_U/p/P[47:0] is not pipelined (MREG=0). Pipelining the multiplier function will improve performance and will save significant power so it is suggested whenever possible to fully pipeline this function.  If this multiplier was inferred, it is suggested to describe an additional register stage after this function.  If there is no registered adder/accumulator following the multiply function, two pipeline stages are suggested to allow both the MREG and PREG registers to be used.  If the DSP48 was instantiated in the design, it is suggested to set both the MREG and PREG attributes to 1 when performing multiply functions.
Related violations: <none>

DPOP-2#3 Warning
MREG Output pipelining  
DSP system_i/v_tpg_0/inst/tpgBackground_U0/grp_tpgPatternRainbow_fu_395/v_tpg_mac_muladd_Bew_U42/system_v_tpg_0_0_v_tpg_mac_muladd_Bew_DSP48_5_U/p multiplier stage system_i/v_tpg_0/inst/tpgBackground_U0/grp_tpgPatternRainbow_fu_395/v_tpg_mac_muladd_Bew_U42/system_v_tpg_0_0_v_tpg_mac_muladd_Bew_DSP48_5_U/p/P[47:0] is not pipelined (MREG=0). Pipelining the multiplier function will improve performance and will save significant power so it is suggested whenever possible to fully pipeline this function.  If this multiplier was inferred, it is suggested to describe an additional register stage after this function.  If there is no registered adder/accumulator following the multiply function, two pipeline stages are suggested to allow both the MREG and PREG registers to be used.  If the DSP48 was instantiated in the design, it is suggested to set both the MREG and PREG attributes to 1 when performing multiply functions.
Related violations: <none>

DPOP-2#4 Warning
MREG Output pipelining  
DSP system_i/v_tpg_0/inst/tpgBackground_U0/grp_tpgPatternRainbow_fu_395/v_tpg_mac_muladd_wdI_U37/system_v_tpg_0_0_v_tpg_mac_muladd_wdI_DSP48_0_U/p multiplier stage system_i/v_tpg_0/inst/tpgBackground_U0/grp_tpgPatternRainbow_fu_395/v_tpg_mac_muladd_wdI_U37/system_v_tpg_0_0_v_tpg_mac_muladd_wdI_DSP48_0_U/p/P[47:0] is not pipelined (MREG=0). Pipelining the multiplier function will improve performance and will save significant power so it is suggested whenever possible to fully pipeline this function.  If this multiplier was inferred, it is suggested to describe an additional register stage after this function.  If there is no registered adder/accumulator following the multiply function, two pipeline stages are suggested to allow both the MREG and PREG registers to be used.  If the DSP48 was instantiated in the design, it is suggested to set both the MREG and PREG attributes to 1 when performing multiply functions.
Related violations: <none>

DPOP-2#5 Warning
MREG Output pipelining  
DSP system_i/v_tpg_0/inst/tpgBackground_U0/grp_tpgPatternRainbow_fu_395/v_tpg_mac_muladd_yd2_U39/system_v_tpg_0_0_v_tpg_mac_muladd_yd2_DSP48_2_U/p multiplier stage system_i/v_tpg_0/inst/tpgBackground_U0/grp_tpgPatternRainbow_fu_395/v_tpg_mac_muladd_yd2_U39/system_v_tpg_0_0_v_tpg_mac_muladd_yd2_DSP48_2_U/p/P[47:0] is not pipelined (MREG=0). Pipelining the multiplier function will improve performance and will save significant power so it is suggested whenever possible to fully pipeline this function.  If this multiplier was inferred, it is suggested to describe an additional register stage after this function.  If there is no registered adder/accumulator following the multiply function, two pipeline stages are suggested to allow both the MREG and PREG registers to be used.  If the DSP48 was instantiated in the design, it is suggested to set both the MREG and PREG attributes to 1 when performing multiply functions.
Related violations: <none>

DPOP-2#6 Warning
MREG Output pipelining  
DSP system_i/v_tpg_0/inst/tpgBackground_U0/grp_tpgPatternZonePlate_fu_404/v_tpg_am_addmul_1Mgi_U60/system_v_tpg_0_0_v_tpg_am_addmul_1Mgi_DSP48_6_U/m multiplier stage system_i/v_tpg_0/inst/tpgBackground_U0/grp_tpgPatternZonePlate_fu_404/v_tpg_am_addmul_1Mgi_U60/system_v_tpg_0_0_v_tpg_am_addmul_1Mgi_DSP48_6_U/m/P[47:0] is not pipelined (MREG=0). Pipelining the multiplier function will improve performance and will save significant power so it is suggested whenever possible to fully pipeline this function.  If this multiplier was inferred, it is suggested to describe an additional register stage after this function.  If there is no registered adder/accumulator following the multiply function, two pipeline stages are suggested to allow both the MREG and PREG registers to be used.  If the DSP48 was instantiated in the design, it is suggested to set both the MREG and PREG attributes to 1 when performing multiply functions.
Related violations: <none>

DPOP-2#7 Warning
MREG Output pipelining  
DSP system_i/v_tpg_0/inst/tpgBackground_U0/grp_tpgPatternZonePlate_fu_404/v_tpg_mac_muladd_Ngs_U61/system_v_tpg_0_0_v_tpg_mac_muladd_Ngs_DSP48_7_U/p multiplier stage system_i/v_tpg_0/inst/tpgBackground_U0/grp_tpgPatternZonePlate_fu_404/v_tpg_mac_muladd_Ngs_U61/system_v_tpg_0_0_v_tpg_mac_muladd_Ngs_DSP48_7_U/p/P[47:0] is not pipelined (MREG=0). Pipelining the multiplier function will improve performance and will save significant power so it is suggested whenever possible to fully pipeline this function.  If this multiplier was inferred, it is suggested to describe an additional register stage after this function.  If there is no registered adder/accumulator following the multiply function, two pipeline stages are suggested to allow both the MREG and PREG registers to be used.  If the DSP48 was instantiated in the design, it is suggested to set both the MREG and PREG attributes to 1 when performing multiply functions.
Related violations: <none>

REQP-1839#1 Warning
RAMB36 async control check  
The RAMB36E1 system_i/axi_vdma_0/U0/GEN_SPRT_FOR_MM2S.MM2S_LINEBUFFER_I/GEN_LINEBUF_FLUSH_SOF.GEN_LINEBUFFER.GEN_ASYNC_FIFO.LB_BRAM.I_LINEBUFFER_FIFO/fg_inst/inst_fifo_gen/gconvfifo.rf/grf.rf/gntv_or_sync_fifo.mem/gbm.gbmg.gbmgb.ngecc.bmg/inst_blk_mem_gen/gnbram.gnativebmg.native_blk_mem_gen/valid.cstr/ramloop[0].ram.r/prim_noinit.ram/DEVICE_7SERIES.NO_BMM_INFO.SDP.SIMPLE_PRIM36.ram has an input control pin system_i/axi_vdma_0/U0/GEN_SPRT_FOR_MM2S.MM2S_LINEBUFFER_I/GEN_LINEBUF_FLUSH_SOF.GEN_LINEBUFFER.GEN_ASYNC_FIFO.LB_BRAM.I_LINEBUFFER_FIFO/fg_inst/inst_fifo_gen/gconvfifo.rf/grf.rf/gntv_or_sync_fifo.mem/gbm.gbmg.gbmgb.ngecc.bmg/inst_blk_mem_gen/gnbram.gnativebmg.native_blk_mem_gen/valid.cstr/ramloop[0].ram.r/prim_noinit.ram/DEVICE_7SERIES.NO_BMM_INFO.SDP.SIMPLE_PRIM36.ram/ENARDEN (net: system_i/axi_vdma_0/U0/GEN_SPRT_FOR_MM2S.MM2S_LINEBUFFER_I/GEN_LINEBUF_FLUSH_SOF.GEN_LINEBUFFER.GEN_ASYNC_FIFO.LB_BRAM.I_LINEBUFFER_FIFO/fg_inst/inst_fifo_gen/gconvfifo.rf/grf.rf/gntv_or_sync_fifo.mem/gbm.gbmg.gbmgb.ngecc.bmg/inst_blk_mem_gen/gnbram.gnativebmg.native_blk_mem_gen/valid.cstr/ramloop[0].ram.r/prim_noinit.ram/prmry_resetn_i_reg) which is driven by a register (system_i/axi_vdma_0/U0/GEN_SPRT_FOR_MM2S.MM2S_LINEBUFFER_I/GEN_LINEBUF_FLUSH_SOF.GEN_LINEBUFFER.GEN_ASYNC_FIFO.LB_BRAM.I_LINEBUFFER_FIFO/fg_inst/inst_fifo_gen/gconvfifo.rf/grf.rf/gntv_or_sync_fifo.gl0.wr/gwas.wsts/ram_full_i_reg) that has an active asychronous set or reset. This may cause corruption of the memory contents and/or read values when the set/reset is asserted and is not analyzed by the default static timing analysis. It is suggested to eliminate the use of a set/reset to registers driving this RAMB pin or else use a synchronous reset in which the assertion of the reset is timed by default.
Related violations: <none>

REQP-1839#2 Warning
RAMB36 async control check  
The RAMB36E1 system_i/axi_vdma_0/U0/GEN_SPRT_FOR_MM2S.MM2S_LINEBUFFER_I/GEN_LINEBUF_FLUSH_SOF.GEN_LINEBUFFER.GEN_ASYNC_FIFO.LB_BRAM.I_LINEBUFFER_FIFO/fg_inst/inst_fifo_gen/gconvfifo.rf/grf.rf/gntv_or_sync_fifo.mem/gbm.gbmg.gbmgb.ngecc.bmg/inst_blk_mem_gen/gnbram.gnativebmg.native_blk_mem_gen/valid.cstr/ramloop[0].ram.r/prim_noinit.ram/DEVICE_7SERIES.NO_BMM_INFO.SDP.SIMPLE_PRIM36.ram has an input control pin system_i/axi_vdma_0/U0/GEN_SPRT_FOR_MM2S.MM2S_LINEBUFFER_I/GEN_LINEBUF_FLUSH_SOF.GEN_LINEBUFFER.GEN_ASYNC_FIFO.LB_BRAM.I_LINEBUFFER_FIFO/fg_inst/inst_fifo_gen/gconvfifo.rf/grf.rf/gntv_or_sync_fifo.mem/gbm.gbmg.gbmgb.ngecc.bmg/inst_blk_mem_gen/gnbram.gnativebmg.native_blk_mem_gen/valid.cstr/ramloop[0].ram.r/prim_noinit.ram/DEVICE_7SERIES.NO_BMM_INFO.SDP.SIMPLE_PRIM36.ram/ENBWREN (net: system_i/axi_vdma_0/U0/GEN_SPRT_FOR_MM2S.MM2S_LINEBUFFER_I/GEN_LINEBUF_FLUSH_SOF.GEN_LINEBUFFER.GEN_ASYNC_FIFO.LB_BRAM.I_LINEBUFFER_FIFO/fg_inst/inst_fifo_gen/gconvfifo.rf/grf.rf/gntv_or_sync_fifo.mem/gbm.gbmg.gbmgb.ngecc.bmg/inst_blk_mem_gen/gnbram.gnativebmg.native_blk_mem_gen/valid.cstr/ramloop[0].ram.r/prim_noinit.ram/ram_empty_fb_i_reg[0]) which is driven by a register (system_i/axi_vdma_0/U0/GEN_SPRT_FOR_MM2S.MM2S_LINEBUFFER_I/GEN_LINEBUF_FLUSH_SOF.GEN_LINEBUFFER.GEN_ASYNC_FIFO.LB_BRAM.I_LINEBUFFER_FIFO/fg_inst/inst_fifo_gen/gconvfifo.rf/grf.rf/gntv_or_sync_fifo.gl0.rd/gr1.gr1_int.rfwft/empty_fwft_i_reg) that has an active asychronous set or reset. This may cause corruption of the memory contents and/or read values when the set/reset is asserted and is not analyzed by the default static timing analysis. It is suggested to eliminate the use of a set/reset to registers driving this RAMB pin or else use a synchronous reset in which the assertion of the reset is timed by default.
Related violations: <none>

REQP-1839#3 Warning
RAMB36 async control check  
The RAMB36E1 system_i/axi_vdma_0/U0/GEN_SPRT_FOR_MM2S.MM2S_LINEBUFFER_I/GEN_LINEBUF_FLUSH_SOF.GEN_LINEBUFFER.GEN_ASYNC_FIFO.LB_BRAM.I_LINEBUFFER_FIFO/fg_inst/inst_fifo_gen/gconvfifo.rf/grf.rf/gntv_or_sync_fifo.mem/gbm.gbmg.gbmgb.ngecc.bmg/inst_blk_mem_gen/gnbram.gnativebmg.native_blk_mem_gen/valid.cstr/ramloop[0].ram.r/prim_noinit.ram/DEVICE_7SERIES.NO_BMM_INFO.SDP.SIMPLE_PRIM36.ram has an input control pin system_i/axi_vdma_0/U0/GEN_SPRT_FOR_MM2S.MM2S_LINEBUFFER_I/GEN_LINEBUF_FLUSH_SOF.GEN_LINEBUFFER.GEN_ASYNC_FIFO.LB_BRAM.I_LINEBUFFER_FIFO/fg_inst/inst_fifo_gen/gconvfifo.rf/grf.rf/gntv_or_sync_fifo.mem/gbm.gbmg.gbmgb.ngecc.bmg/inst_blk_mem_gen/gnbram.gnativebmg.native_blk_mem_gen/valid.cstr/ramloop[0].ram.r/prim_noinit.ram/DEVICE_7SERIES.NO_BMM_INFO.SDP.SIMPLE_PRIM36.ram/WEA[0] (net: system_i/axi_vdma_0/U0/GEN_SPRT_FOR_MM2S.MM2S_LINEBUFFER_I/GEN_LINEBUF_FLUSH_SOF.GEN_LINEBUFFER.GEN_ASYNC_FIFO.LB_BRAM.I_LINEBUFFER_FIFO/fg_inst/inst_fifo_gen/gconvfifo.rf/grf.rf/gntv_or_sync_fifo.mem/gbm.gbmg.gbmgb.ngecc.bmg/inst_blk_mem_gen/gnbram.gnativebmg.native_blk_mem_gen/valid.cstr/ramloop[0].ram.r/prim_noinit.ram/prmry_resetn_i_reg) which is driven by a register (system_i/axi_vdma_0/U0/GEN_SPRT_FOR_MM2S.MM2S_LINEBUFFER_I/GEN_LINEBUF_FLUSH_SOF.GEN_LINEBUFFER.GEN_ASYNC_FIFO.LB_BRAM.I_LINEBUFFER_FIFO/fg_inst/inst_fifo_gen/gconvfifo.rf/grf.rf/gntv_or_sync_fifo.gl0.wr/gwas.wsts/ram_full_i_reg) that has an active asychronous set or reset. This may cause corruption of the memory contents and/or read values when the set/reset is asserted and is not analyzed by the default static timing analysis. It is suggested to eliminate the use of a set/reset to registers driving this RAMB pin or else use a synchronous reset in which the assertion of the reset is timed by default.
Related violations: <none>

REQP-1839#4 Warning
RAMB36 async control check  
The RAMB36E1 system_i/axi_vdma_0/U0/GEN_SPRT_FOR_MM2S.MM2S_LINEBUFFER_I/GEN_LINEBUF_FLUSH_SOF.GEN_LINEBUFFER.GEN_ASYNC_FIFO.LB_BRAM.I_LINEBUFFER_FIFO/fg_inst/inst_fifo_gen/gconvfifo.rf/grf.rf/gntv_or_sync_fifo.mem/gbm.gbmg.gbmgb.ngecc.bmg/inst_blk_mem_gen/gnbram.gnativebmg.native_blk_mem_gen/valid.cstr/ramloop[0].ram.r/prim_noinit.ram/DEVICE_7SERIES.NO_BMM_INFO.SDP.SIMPLE_PRIM36.ram has an input control pin system_i/axi_vdma_0/U0/GEN_SPRT_FOR_MM2S.MM2S_LINEBUFFER_I/GEN_LINEBUF_FLUSH_SOF.GEN_LINEBUFFER.GEN_ASYNC_FIFO.LB_BRAM.I_LINEBUFFER_FIFO/fg_inst/inst_fifo_gen/gconvfifo.rf/grf.rf/gntv_or_sync_fifo.mem/gbm.gbmg.gbmgb.ngecc.bmg/inst_blk_mem_gen/gnbram.gnativebmg.native_blk_mem_gen/valid.cstr/ramloop[0].ram.r/prim_noinit.ram/DEVICE_7SERIES.NO_BMM_INFO.SDP.SIMPLE_PRIM36.ram/WEA[1] (net: system_i/axi_vdma_0/U0/GEN_SPRT_FOR_MM2S.MM2S_LINEBUFFER_I/GEN_LINEBUF_FLUSH_SOF.GEN_LINEBUFFER.GEN_ASYNC_FIFO.LB_BRAM.I_LINEBUFFER_FIFO/fg_inst/inst_fifo_gen/gconvfifo.rf/grf.rf/gntv_or_sync_fifo.mem/gbm.gbmg.gbmgb.ngecc.bmg/inst_blk_mem_gen/gnbram.gnativebmg.native_blk_mem_gen/valid.cstr/ramloop[0].ram.r/prim_noinit.ram/prmry_resetn_i_reg) which is driven by a register (system_i/axi_vdma_0/U0/GEN_SPRT_FOR_MM2S.MM2S_LINEBUFFER_I/GEN_LINEBUF_FLUSH_SOF.GEN_LINEBUFFER.GEN_ASYNC_FIFO.LB_BRAM.I_LINEBUFFER_FIFO/fg_inst/inst_fifo_gen/gconvfifo.rf/grf.rf/gntv_or_sync_fifo.gl0.wr/gwas.wsts/ram_full_i_reg) that has an active asychronous set or reset. This may cause corruption of the memory contents and/or read values when the set/reset is asserted and is not analyzed by the default static timing analysis. It is suggested to eliminate the use of a set/reset to registers driving this RAMB pin or else use a synchronous reset in which the assertion of the reset is timed by default.
Related violations: <none>

REQP-1839#5 Warning
RAMB36 async control check  
The RAMB36E1 system_i/axi_vdma_0/U0/GEN_SPRT_FOR_MM2S.MM2S_LINEBUFFER_I/GEN_LINEBUF_FLUSH_SOF.GEN_LINEBUFFER.GEN_ASYNC_FIFO.LB_BRAM.I_LINEBUFFER_FIFO/fg_inst/inst_fifo_gen/gconvfifo.rf/grf.rf/gntv_or_sync_fifo.mem/gbm.gbmg.gbmgb.ngecc.bmg/inst_blk_mem_gen/gnbram.gnativebmg.native_blk_mem_gen/valid.cstr/ramloop[1].ram.r/prim_noinit.ram/DEVICE_7SERIES.NO_BMM_INFO.SDP.SIMPLE_PRIM36.ram has an input control pin system_i/axi_vdma_0/U0/GEN_SPRT_FOR_MM2S.MM2S_LINEBUFFER_I/GEN_LINEBUF_FLUSH_SOF.GEN_LINEBUFFER.GEN_ASYNC_FIFO.LB_BRAM.I_LINEBUFFER_FIFO/fg_inst/inst_fifo_gen/gconvfifo.rf/grf.rf/gntv_or_sync_fifo.mem/gbm.gbmg.gbmgb.ngecc.bmg/inst_blk_mem_gen/gnbram.gnativebmg.native_blk_mem_gen/valid.cstr/ramloop[1].ram.r/prim_noinit.ram/DEVICE_7SERIES.NO_BMM_INFO.SDP.SIMPLE_PRIM36.ram/ENARDEN (net: system_i/axi_vdma_0/U0/GEN_SPRT_FOR_MM2S.MM2S_LINEBUFFER_I/GEN_LINEBUF_FLUSH_SOF.GEN_LINEBUFFER.GEN_ASYNC_FIFO.LB_BRAM.I_LINEBUFFER_FIFO/fg_inst/inst_fifo_gen/gconvfifo.rf/grf.rf/gntv_or_sync_fifo.mem/gbm.gbmg.gbmgb.ngecc.bmg/inst_blk_mem_gen/gnbram.gnativebmg.native_blk_mem_gen/valid.cstr/ramloop[1].ram.r/prim_noinit.ram/prmry_resetn_i_reg) which is driven by a register (system_i/axi_vdma_0/U0/GEN_SPRT_FOR_MM2S.MM2S_LINEBUFFER_I/GEN_LINEBUF_FLUSH_SOF.GEN_LINEBUFFER.GEN_ASYNC_FIFO.LB_BRAM.I_LINEBUFFER_FIFO/fg_inst/inst_fifo_gen/gconvfifo.rf/grf.rf/gntv_or_sync_fifo.gl0.wr/gwas.wsts/ram_full_i_reg) that has an active asychronous set or reset. This may cause corruption of the memory contents and/or read values when the set/reset is asserted and is not analyzed by the default static timing analysis. It is suggested to eliminate the use of a set/reset to registers driving this RAMB pin or else use a synchronous reset in which the assertion of the reset is timed by default.
Related violations: <none>

REQP-1839#6 Warning
RAMB36 async control check  
The RAMB36E1 system_i/axi_vdma_0/U0/GEN_SPRT_FOR_MM2S.MM2S_LINEBUFFER_I/GEN_LINEBUF_FLUSH_SOF.GEN_LINEBUFFER.GEN_ASYNC_FIFO.LB_BRAM.I_LINEBUFFER_FIFO/fg_inst/inst_fifo_gen/gconvfifo.rf/grf.rf/gntv_or_sync_fifo.mem/gbm.gbmg.gbmgb.ngecc.bmg/inst_blk_mem_gen/gnbram.gnativebmg.native_blk_mem_gen/valid.cstr/ramloop[1].ram.r/prim_noinit.ram/DEVICE_7SERIES.NO_BMM_INFO.SDP.SIMPLE_PRIM36.ram has an input control pin system_i/axi_vdma_0/U0/GEN_SPRT_FOR_MM2S.MM2S_LINEBUFFER_I/GEN_LINEBUF_FLUSH_SOF.GEN_LINEBUFFER.GEN_ASYNC_FIFO.LB_BRAM.I_LINEBUFFER_FIFO/fg_inst/inst_fifo_gen/gconvfifo.rf/grf.rf/gntv_or_sync_fifo.mem/gbm.gbmg.gbmgb.ngecc.bmg/inst_blk_mem_gen/gnbram.gnativebmg.native_blk_mem_gen/valid.cstr/ramloop[1].ram.r/prim_noinit.ram/DEVICE_7SERIES.NO_BMM_INFO.SDP.SIMPLE_PRIM36.ram/ENBWREN (net: system_i/axi_vdma_0/U0/GEN_SPRT_FOR_MM2S.MM2S_LINEBUFFER_I/GEN_LINEBUF_FLUSH_SOF.GEN_LINEBUFFER.GEN_ASYNC_FIFO.LB_BRAM.I_LINEBUFFER_FIFO/fg_inst/inst_fifo_gen/gconvfifo.rf/grf.rf/gntv_or_sync_fifo.mem/gbm.gbmg.gbmgb.ngecc.bmg/inst_blk_mem_gen/gnbram.gnativebmg.native_blk_mem_gen/valid.cstr/ramloop[1].ram.r/prim_noinit.ram/ram_empty_fb_i_reg[0]) which is driven by a register (system_i/axi_vdma_0/U0/GEN_SPRT_FOR_MM2S.MM2S_LINEBUFFER_I/GEN_LINEBUF_FLUSH_SOF.GEN_LINEBUFFER.GEN_ASYNC_FIFO.LB_BRAM.I_LINEBUFFER_FIFO/fg_inst/inst_fifo_gen/gconvfifo.rf/grf.rf/gntv_or_sync_fifo.gl0.rd/gr1.gr1_int.rfwft/empty_fwft_i_reg) that has an active asychronous set or reset. This may cause corruption of the memory contents and/or read values when the set/reset is asserted and is not analyzed by the default static timing analysis. It is suggested to eliminate the use of a set/reset to registers driving this RAMB pin or else use a synchronous reset in which the assertion of the reset is timed by default.
Related violations: <none>

REQP-1839#7 Warning
RAMB36 async control check  
The RAMB36E1 system_i/axi_vdma_0/U0/GEN_SPRT_FOR_MM2S.MM2S_LINEBUFFER_I/GEN_LINEBUF_FLUSH_SOF.GEN_LINEBUFFER.GEN_ASYNC_FIFO.LB_BRAM.I_LINEBUFFER_FIFO/fg_inst/inst_fifo_gen/gconvfifo.rf/grf.rf/gntv_or_sync_fifo.mem/gbm.gbmg.gbmgb.ngecc.bmg/inst_blk_mem_gen/gnbram.gnativebmg.native_blk_mem_gen/valid.cstr/ramloop[1].ram.r/prim_noinit.ram/DEVICE_7SERIES.NO_BMM_INFO.SDP.SIMPLE_PRIM36.ram has an input control pin system_i/axi_vdma_0/U0/GEN_SPRT_FOR_MM2S.MM2S_LINEBUFFER_I/GEN_LINEBUF_FLUSH_SOF.GEN_LINEBUFFER.GEN_ASYNC_FIFO.LB_BRAM.I_LINEBUFFER_FIFO/fg_inst/inst_fifo_gen/gconvfifo.rf/grf.rf/gntv_or_sync_fifo.mem/gbm.gbmg.gbmgb.ngecc.bmg/inst_blk_mem_gen/gnbram.gnativebmg.native_blk_mem_gen/valid.cstr/ramloop[1].ram.r/prim_noinit.ram/DEVICE_7SERIES.NO_BMM_INFO.SDP.SIMPLE_PRIM36.ram/WEA[0] (net: system_i/axi_vdma_0/U0/GEN_SPRT_FOR_MM2S.MM2S_LINEBUFFER_I/GEN_LINEBUF_FLUSH_SOF.GEN_LINEBUFFER.GEN_ASYNC_FIFO.LB_BRAM.I_LINEBUFFER_FIFO/fg_inst/inst_fifo_gen/gconvfifo.rf/grf.rf/gntv_or_sync_fifo.mem/gbm.gbmg.gbmgb.ngecc.bmg/inst_blk_mem_gen/gnbram.gnativebmg.native_blk_mem_gen/valid.cstr/ramloop[1].ram.r/prim_noinit.ram/prmry_resetn_i_reg) which is driven by a register (system_i/axi_vdma_0/U0/GEN_SPRT_FOR_MM2S.MM2S_LINEBUFFER_I/GEN_LINEBUF_FLUSH_SOF.GEN_LINEBUFFER.GEN_ASYNC_FIFO.LB_BRAM.I_LINEBUFFER_FIFO/fg_inst/inst_fifo_gen/gconvfifo.rf/grf.rf/gntv_or_sync_fifo.gl0.wr/gwas.wsts/ram_full_i_reg) that has an active asychronous set or reset. This may cause corruption of the memory contents and/or read values when the set/reset is asserted and is not analyzed by the default static timing analysis. It is suggested to eliminate the use of a set/reset to registers driving this RAMB pin or else use a synchronous reset in which the assertion of the reset is timed by default.
Related violations: <none>

REQP-1839#8 Warning
RAMB36 async control check  
The RAMB36E1 system_i/axi_vdma_0/U0/GEN_SPRT_FOR_MM2S.MM2S_LINEBUFFER_I/GEN_LINEBUF_FLUSH_SOF.GEN_LINEBUFFER.GEN_ASYNC_FIFO.LB_BRAM.I_LINEBUFFER_FIFO/fg_inst/inst_fifo_gen/gconvfifo.rf/grf.rf/gntv_or_sync_fifo.mem/gbm.gbmg.gbmgb.ngecc.bmg/inst_blk_mem_gen/gnbram.gnativebmg.native_blk_mem_gen/valid.cstr/ramloop[1].ram.r/prim_noinit.ram/DEVICE_7SERIES.NO_BMM_INFO.SDP.SIMPLE_PRIM36.ram has an input control pin system_i/axi_vdma_0/U0/GEN_SPRT_FOR_MM2S.MM2S_LINEBUFFER_I/GEN_LINEBUF_FLUSH_SOF.GEN_LINEBUFFER.GEN_ASYNC_FIFO.LB_BRAM.I_LINEBUFFER_FIFO/fg_inst/inst_fifo_gen/gconvfifo.rf/grf.rf/gntv_or_sync_fifo.mem/gbm.gbmg.gbmgb.ngecc.bmg/inst_blk_mem_gen/gnbram.gnativebmg.native_blk_mem_gen/valid.cstr/ramloop[1].ram.r/prim_noinit.ram/DEVICE_7SERIES.NO_BMM_INFO.SDP.SIMPLE_PRIM36.ram/WEA[1] (net: system_i/axi_vdma_0/U0/GEN_SPRT_FOR_MM2S.MM2S_LINEBUFFER_I/GEN_LINEBUF_FLUSH_SOF.GEN_LINEBUFFER.GEN_ASYNC_FIFO.LB_BRAM.I_LINEBUFFER_FIFO/fg_inst/inst_fifo_gen/gconvfifo.rf/grf.rf/gntv_or_sync_fifo.mem/gbm.gbmg.gbmgb.ngecc.bmg/inst_blk_mem_gen/gnbram.gnativebmg.native_blk_mem_gen/valid.cstr/ramloop[1].ram.r/prim_noinit.ram/prmry_resetn_i_reg) which is driven by a register (system_i/axi_vdma_0/U0/GEN_SPRT_FOR_MM2S.MM2S_LINEBUFFER_I/GEN_LINEBUF_FLUSH_SOF.GEN_LINEBUFFER.GEN_ASYNC_FIFO.LB_BRAM.I_LINEBUFFER_FIFO/fg_inst/inst_fifo_gen/gconvfifo.rf/grf.rf/gntv_or_sync_fifo.gl0.wr/gwas.wsts/ram_full_i_reg) that has an active asychronous set or reset. This may cause corruption of the memory contents and/or read values when the set/reset is asserted and is not analyzed by the default static timing analysis. It is suggested to eliminate the use of a set/reset to registers driving this RAMB pin or else use a synchronous reset in which the assertion of the reset is timed by default.
Related violations: <none>

REQP-1839#9 Warning
RAMB36 async control check  
The RAMB36E1 system_i/axi_vdma_0/U0/I_PRMRY_DATAMOVER/GEN_MM2S_FULL.I_MM2S_FULL_WRAPPER/GEN_INCLUDE_MM2S_SF.I_RD_SF/I_DATA_FIFO/BLK_MEM.I_SYNC_FIFOGEN_FIFO/FAMILY_SUPPORTED.I_SYNC_FIFO_BRAM/inst_fifo_gen/gconvfifo.rf/grf.rf/gntv_or_sync_fifo.mem/gbm.gbmg.gbmgb.ngecc.bmg/inst_blk_mem_gen/gnbram.gnativebmg.native_blk_mem_gen/valid.cstr/ramloop[0].ram.r/prim_noinit.ram/DEVICE_7SERIES.NO_BMM_INFO.SDP.WIDE_PRIM36_NO_ECC.ram has an input control pin system_i/axi_vdma_0/U0/I_PRMRY_DATAMOVER/GEN_MM2S_FULL.I_MM2S_FULL_WRAPPER/GEN_INCLUDE_MM2S_SF.I_RD_SF/I_DATA_FIFO/BLK_MEM.I_SYNC_FIFOGEN_FIFO/FAMILY_SUPPORTED.I_SYNC_FIFO_BRAM/inst_fifo_gen/gconvfifo.rf/grf.rf/gntv_or_sync_fifo.mem/gbm.gbmg.gbmgb.ngecc.bmg/inst_blk_mem_gen/gnbram.gnativebmg.native_blk_mem_gen/valid.cstr/ramloop[0].ram.r/prim_noinit.ram/DEVICE_7SERIES.NO_BMM_INFO.SDP.WIDE_PRIM36_NO_ECC.ram/ENARDEN (net: system_i/axi_vdma_0/U0/I_PRMRY_DATAMOVER/GEN_MM2S_FULL.I_MM2S_FULL_WRAPPER/GEN_INCLUDE_MM2S_SF.I_RD_SF/I_DATA_FIFO/BLK_MEM.I_SYNC_FIFOGEN_FIFO/FAMILY_SUPPORTED.I_SYNC_FIFO_BRAM/inst_fifo_gen/gconvfifo.rf/grf.rf/gntv_or_sync_fifo.mem/gbm.gbmg.gbmgb.ngecc.bmg/inst_blk_mem_gen/gnbram.gnativebmg.native_blk_mem_gen/valid.cstr/ramloop[0].ram.r/prim_noinit.ram/ram_empty_fb_i_reg) which is driven by a register (system_i/axi_vdma_0/U0/GEN_SPRT_FOR_MM2S.MM2S_LINEBUFFER_I/GEN_LINEBUF_FLUSH_SOF.GEN_LINEBUFFER.GEN_ASYNC_FIFO.LB_BRAM.I_LINEBUFFER_FIFO/fg_inst/inst_fifo_gen/gconvfifo.rf/grf.rf/gntv_or_sync_fifo.gl0.wr/gwas.wsts/ram_full_i_reg) that has an active asychronous set or reset. This may cause corruption of the memory contents and/or read values when the set/reset is asserted and is not analyzed by the default static timing analysis. It is suggested to eliminate the use of a set/reset to registers driving this RAMB pin or else use a synchronous reset in which the assertion of the reset is timed by default.
Related violations: <none>

REQP-1839#10 Warning
RAMB36 async control check  
The RAMB36E1 system_i/axi_vdma_1/U0/GEN_SPRT_FOR_MM2S.MM2S_LINEBUFFER_I/GEN_LINEBUF_FLUSH_SOF.GEN_LINEBUFFER.GEN_ASYNC_FIFO.LB_BRAM.I_LINEBUFFER_FIFO/fg_inst/inst_fifo_gen/gconvfifo.rf/grf.rf/gntv_or_sync_fifo.mem/gbm.gbmg.gbmgb.ngecc.bmg/inst_blk_mem_gen/gnbram.gnativebmg.native_blk_mem_gen/valid.cstr/ramloop[0].ram.r/prim_noinit.ram/DEVICE_7SERIES.NO_BMM_INFO.SDP.SIMPLE_PRIM36.ram has an input control pin system_i/axi_vdma_1/U0/GEN_SPRT_FOR_MM2S.MM2S_LINEBUFFER_I/GEN_LINEBUF_FLUSH_SOF.GEN_LINEBUFFER.GEN_ASYNC_FIFO.LB_BRAM.I_LINEBUFFER_FIFO/fg_inst/inst_fifo_gen/gconvfifo.rf/grf.rf/gntv_or_sync_fifo.mem/gbm.gbmg.gbmgb.ngecc.bmg/inst_blk_mem_gen/gnbram.gnativebmg.native_blk_mem_gen/valid.cstr/ramloop[0].ram.r/prim_noinit.ram/DEVICE_7SERIES.NO_BMM_INFO.SDP.SIMPLE_PRIM36.ram/ENARDEN (net: system_i/axi_vdma_1/U0/GEN_SPRT_FOR_MM2S.MM2S_LINEBUFFER_I/GEN_LINEBUF_FLUSH_SOF.GEN_LINEBUFFER.GEN_ASYNC_FIFO.LB_BRAM.I_LINEBUFFER_FIFO/fg_inst/inst_fifo_gen/gconvfifo.rf/grf.rf/gntv_or_sync_fifo.mem/gbm.gbmg.gbmgb.ngecc.bmg/inst_blk_mem_gen/gnbram.gnativebmg.native_blk_mem_gen/valid.cstr/ramloop[0].ram.r/prim_noinit.ram/prmry_resetn_i_reg) which is driven by a register (system_i/axi_vdma_1/U0/GEN_SPRT_FOR_MM2S.MM2S_LINEBUFFER_I/GEN_LINEBUF_FLUSH_SOF.GEN_LINEBUFFER.GEN_ASYNC_FIFO.LB_BRAM.I_LINEBUFFER_FIFO/fg_inst/inst_fifo_gen/gconvfifo.rf/grf.rf/gntv_or_sync_fifo.gl0.wr/gwas.wsts/ram_full_i_reg) that has an active asychronous set or reset. This may cause corruption of the memory contents and/or read values when the set/reset is asserted and is not analyzed by the default static timing analysis. It is suggested to eliminate the use of a set/reset to registers driving this RAMB pin or else use a synchronous reset in which the assertion of the reset is timed by default.
Related violations: <none>

REQP-1839#11 Warning
RAMB36 async control check  
The RAMB36E1 system_i/axi_vdma_1/U0/GEN_SPRT_FOR_MM2S.MM2S_LINEBUFFER_I/GEN_LINEBUF_FLUSH_SOF.GEN_LINEBUFFER.GEN_ASYNC_FIFO.LB_BRAM.I_LINEBUFFER_FIFO/fg_inst/inst_fifo_gen/gconvfifo.rf/grf.rf/gntv_or_sync_fifo.mem/gbm.gbmg.gbmgb.ngecc.bmg/inst_blk_mem_gen/gnbram.gnativebmg.native_blk_mem_gen/valid.cstr/ramloop[0].ram.r/prim_noinit.ram/DEVICE_7SERIES.NO_BMM_INFO.SDP.SIMPLE_PRIM36.ram has an input control pin system_i/axi_vdma_1/U0/GEN_SPRT_FOR_MM2S.MM2S_LINEBUFFER_I/GEN_LINEBUF_FLUSH_SOF.GEN_LINEBUFFER.GEN_ASYNC_FIFO.LB_BRAM.I_LINEBUFFER_FIFO/fg_inst/inst_fifo_gen/gconvfifo.rf/grf.rf/gntv_or_sync_fifo.mem/gbm.gbmg.gbmgb.ngecc.bmg/inst_blk_mem_gen/gnbram.gnativebmg.native_blk_mem_gen/valid.cstr/ramloop[0].ram.r/prim_noinit.ram/DEVICE_7SERIES.NO_BMM_INFO.SDP.SIMPLE_PRIM36.ram/ENBWREN (net: system_i/axi_vdma_1/U0/GEN_SPRT_FOR_MM2S.MM2S_LINEBUFFER_I/GEN_LINEBUF_FLUSH_SOF.GEN_LINEBUFFER.GEN_ASYNC_FIFO.LB_BRAM.I_LINEBUFFER_FIFO/fg_inst/inst_fifo_gen/gconvfifo.rf/grf.rf/gntv_or_sync_fifo.mem/gbm.gbmg.gbmgb.ngecc.bmg/inst_blk_mem_gen/gnbram.gnativebmg.native_blk_mem_gen/valid.cstr/ramloop[0].ram.r/prim_noinit.ram/ram_empty_fb_i_reg[0]) which is driven by a register (system_i/axi_vdma_1/U0/GEN_SPRT_FOR_MM2S.MM2S_LINEBUFFER_I/GEN_LINEBUF_FLUSH_SOF.GEN_LINEBUFFER.GEN_ASYNC_FIFO.LB_BRAM.I_LINEBUFFER_FIFO/fg_inst/inst_fifo_gen/gconvfifo.rf/grf.rf/gntv_or_sync_fifo.gl0.rd/gr1.gr1_int.rfwft/empty_fwft_i_reg) that has an active asychronous set or reset. This may cause corruption of the memory contents and/or read values when the set/reset is asserted and is not analyzed by the default static timing analysis. It is suggested to eliminate the use of a set/reset to registers driving this RAMB pin or else use a synchronous reset in which the assertion of the reset is timed by default.
Related violations: <none>

REQP-1839#12 Warning
RAMB36 async control check  
The RAMB36E1 system_i/axi_vdma_1/U0/GEN_SPRT_FOR_MM2S.MM2S_LINEBUFFER_I/GEN_LINEBUF_FLUSH_SOF.GEN_LINEBUFFER.GEN_ASYNC_FIFO.LB_BRAM.I_LINEBUFFER_FIFO/fg_inst/inst_fifo_gen/gconvfifo.rf/grf.rf/gntv_or_sync_fifo.mem/gbm.gbmg.gbmgb.ngecc.bmg/inst_blk_mem_gen/gnbram.gnativebmg.native_blk_mem_gen/valid.cstr/ramloop[0].ram.r/prim_noinit.ram/DEVICE_7SERIES.NO_BMM_INFO.SDP.SIMPLE_PRIM36.ram has an input control pin system_i/axi_vdma_1/U0/GEN_SPRT_FOR_MM2S.MM2S_LINEBUFFER_I/GEN_LINEBUF_FLUSH_SOF.GEN_LINEBUFFER.GEN_ASYNC_FIFO.LB_BRAM.I_LINEBUFFER_FIFO/fg_inst/inst_fifo_gen/gconvfifo.rf/grf.rf/gntv_or_sync_fifo.mem/gbm.gbmg.gbmgb.ngecc.bmg/inst_blk_mem_gen/gnbram.gnativebmg.native_blk_mem_gen/valid.cstr/ramloop[0].ram.r/prim_noinit.ram/DEVICE_7SERIES.NO_BMM_INFO.SDP.SIMPLE_PRIM36.ram/WEA[0] (net: system_i/axi_vdma_1/U0/GEN_SPRT_FOR_MM2S.MM2S_LINEBUFFER_I/GEN_LINEBUF_FLUSH_SOF.GEN_LINEBUFFER.GEN_ASYNC_FIFO.LB_BRAM.I_LINEBUFFER_FIFO/fg_inst/inst_fifo_gen/gconvfifo.rf/grf.rf/gntv_or_sync_fifo.mem/gbm.gbmg.gbmgb.ngecc.bmg/inst_blk_mem_gen/gnbram.gnativebmg.native_blk_mem_gen/valid.cstr/ramloop[0].ram.r/prim_noinit.ram/prmry_resetn_i_reg) which is driven by a register (system_i/axi_vdma_1/U0/GEN_SPRT_FOR_MM2S.MM2S_LINEBUFFER_I/GEN_LINEBUF_FLUSH_SOF.GEN_LINEBUFFER.GEN_ASYNC_FIFO.LB_BRAM.I_LINEBUFFER_FIFO/fg_inst/inst_fifo_gen/gconvfifo.rf/grf.rf/gntv_or_sync_fifo.gl0.wr/gwas.wsts/ram_full_i_reg) that has an active asychronous set or reset. This may cause corruption of the memory contents and/or read values when the set/reset is asserted and is not analyzed by the default static timing analysis. It is suggested to eliminate the use of a set/reset to registers driving this RAMB pin or else use a synchronous reset in which the assertion of the reset is timed by default.
Related violations: <none>

REQP-1839#13 Warning
RAMB36 async control check  
The RAMB36E1 system_i/axi_vdma_1/U0/GEN_SPRT_FOR_MM2S.MM2S_LINEBUFFER_I/GEN_LINEBUF_FLUSH_SOF.GEN_LINEBUFFER.GEN_ASYNC_FIFO.LB_BRAM.I_LINEBUFFER_FIFO/fg_inst/inst_fifo_gen/gconvfifo.rf/grf.rf/gntv_or_sync_fifo.mem/gbm.gbmg.gbmgb.ngecc.bmg/inst_blk_mem_gen/gnbram.gnativebmg.native_blk_mem_gen/valid.cstr/ramloop[0].ram.r/prim_noinit.ram/DEVICE_7SERIES.NO_BMM_INFO.SDP.SIMPLE_PRIM36.ram has an input control pin system_i/axi_vdma_1/U0/GEN_SPRT_FOR_MM2S.MM2S_LINEBUFFER_I/GEN_LINEBUF_FLUSH_SOF.GEN_LINEBUFFER.GEN_ASYNC_FIFO.LB_BRAM.I_LINEBUFFER_FIFO/fg_inst/inst_fifo_gen/gconvfifo.rf/grf.rf/gntv_or_sync_fifo.mem/gbm.gbmg.gbmgb.ngecc.bmg/inst_blk_mem_gen/gnbram.gnativebmg.native_blk_mem_gen/valid.cstr/ramloop[0].ram.r/prim_noinit.ram/DEVICE_7SERIES.NO_BMM_INFO.SDP.SIMPLE_PRIM36.ram/WEA[1] (net: system_i/axi_vdma_1/U0/GEN_SPRT_FOR_MM2S.MM2S_LINEBUFFER_I/GEN_LINEBUF_FLUSH_SOF.GEN_LINEBUFFER.GEN_ASYNC_FIFO.LB_BRAM.I_LINEBUFFER_FIFO/fg_inst/inst_fifo_gen/gconvfifo.rf/grf.rf/gntv_or_sync_fifo.mem/gbm.gbmg.gbmgb.ngecc.bmg/inst_blk_mem_gen/gnbram.gnativebmg.native_blk_mem_gen/valid.cstr/ramloop[0].ram.r/prim_noinit.ram/prmry_resetn_i_reg) which is driven by a register (system_i/axi_vdma_1/U0/GEN_SPRT_FOR_MM2S.MM2S_LINEBUFFER_I/GEN_LINEBUF_FLUSH_SOF.GEN_LINEBUFFER.GEN_ASYNC_FIFO.LB_BRAM.I_LINEBUFFER_FIFO/fg_inst/inst_fifo_gen/gconvfifo.rf/grf.rf/gntv_or_sync_fifo.gl0.wr/gwas.wsts/ram_full_i_reg) that has an active asychronous set or reset. This may cause corruption of the memory contents and/or read values when the set/reset is asserted and is not analyzed by the default static timing analysis. It is suggested to eliminate the use of a set/reset to registers driving this RAMB pin or else use a synchronous reset in which the assertion of the reset is timed by default.
Related violations: <none>

REQP-1839#14 Warning
RAMB36 async control check  
The RAMB36E1 system_i/axi_vdma_1/U0/GEN_SPRT_FOR_MM2S.MM2S_LINEBUFFER_I/GEN_LINEBUF_FLUSH_SOF.GEN_LINEBUFFER.GEN_ASYNC_FIFO.LB_BRAM.I_LINEBUFFER_FIFO/fg_inst/inst_fifo_gen/gconvfifo.rf/grf.rf/gntv_or_sync_fifo.mem/gbm.gbmg.gbmgb.ngecc.bmg/inst_blk_mem_gen/gnbram.gnativebmg.native_blk_mem_gen/valid.cstr/ramloop[1].ram.r/prim_noinit.ram/DEVICE_7SERIES.NO_BMM_INFO.SDP.SIMPLE_PRIM36.ram has an input control pin system_i/axi_vdma_1/U0/GEN_SPRT_FOR_MM2S.MM2S_LINEBUFFER_I/GEN_LINEBUF_FLUSH_SOF.GEN_LINEBUFFER.GEN_ASYNC_FIFO.LB_BRAM.I_LINEBUFFER_FIFO/fg_inst/inst_fifo_gen/gconvfifo.rf/grf.rf/gntv_or_sync_fifo.mem/gbm.gbmg.gbmgb.ngecc.bmg/inst_blk_mem_gen/gnbram.gnativebmg.native_blk_mem_gen/valid.cstr/ramloop[1].ram.r/prim_noinit.ram/DEVICE_7SERIES.NO_BMM_INFO.SDP.SIMPLE_PRIM36.ram/ENARDEN (net: system_i/axi_vdma_1/U0/GEN_SPRT_FOR_MM2S.MM2S_LINEBUFFER_I/GEN_LINEBUF_FLUSH_SOF.GEN_LINEBUFFER.GEN_ASYNC_FIFO.LB_BRAM.I_LINEBUFFER_FIFO/fg_inst/inst_fifo_gen/gconvfifo.rf/grf.rf/gntv_or_sync_fifo.mem/gbm.gbmg.gbmgb.ngecc.bmg/inst_blk_mem_gen/gnbram.gnativebmg.native_blk_mem_gen/valid.cstr/ramloop[1].ram.r/prim_noinit.ram/prmry_resetn_i_reg) which is driven by a register (system_i/axi_vdma_1/U0/GEN_SPRT_FOR_MM2S.MM2S_LINEBUFFER_I/GEN_LINEBUF_FLUSH_SOF.GEN_LINEBUFFER.GEN_ASYNC_FIFO.LB_BRAM.I_LINEBUFFER_FIFO/fg_inst/inst_fifo_gen/gconvfifo.rf/grf.rf/gntv_or_sync_fifo.gl0.wr/gwas.wsts/ram_full_i_reg) that has an active asychronous set or reset. This may cause corruption of the memory contents and/or read values when the set/reset is asserted and is not analyzed by the default static timing analysis. It is suggested to eliminate the use of a set/reset to registers driving this RAMB pin or else use a synchronous reset in which the assertion of the reset is timed by default.
Related violations: <none>

REQP-1839#15 Warning
RAMB36 async control check  
The RAMB36E1 system_i/axi_vdma_1/U0/GEN_SPRT_FOR_MM2S.MM2S_LINEBUFFER_I/GEN_LINEBUF_FLUSH_SOF.GEN_LINEBUFFER.GEN_ASYNC_FIFO.LB_BRAM.I_LINEBUFFER_FIFO/fg_inst/inst_fifo_gen/gconvfifo.rf/grf.rf/gntv_or_sync_fifo.mem/gbm.gbmg.gbmgb.ngecc.bmg/inst_blk_mem_gen/gnbram.gnativebmg.native_blk_mem_gen/valid.cstr/ramloop[1].ram.r/prim_noinit.ram/DEVICE_7SERIES.NO_BMM_INFO.SDP.SIMPLE_PRIM36.ram has an input control pin system_i/axi_vdma_1/U0/GEN_SPRT_FOR_MM2S.MM2S_LINEBUFFER_I/GEN_LINEBUF_FLUSH_SOF.GEN_LINEBUFFER.GEN_ASYNC_FIFO.LB_BRAM.I_LINEBUFFER_FIFO/fg_inst/inst_fifo_gen/gconvfifo.rf/grf.rf/gntv_or_sync_fifo.mem/gbm.gbmg.gbmgb.ngecc.bmg/inst_blk_mem_gen/gnbram.gnativebmg.native_blk_mem_gen/valid.cstr/ramloop[1].ram.r/prim_noinit.ram/DEVICE_7SERIES.NO_BMM_INFO.SDP.SIMPLE_PRIM36.ram/ENBWREN (net: system_i/axi_vdma_1/U0/GEN_SPRT_FOR_MM2S.MM2S_LINEBUFFER_I/GEN_LINEBUF_FLUSH_SOF.GEN_LINEBUFFER.GEN_ASYNC_FIFO.LB_BRAM.I_LINEBUFFER_FIFO/fg_inst/inst_fifo_gen/gconvfifo.rf/grf.rf/gntv_or_sync_fifo.mem/gbm.gbmg.gbmgb.ngecc.bmg/inst_blk_mem_gen/gnbram.gnativebmg.native_blk_mem_gen/valid.cstr/ramloop[1].ram.r/prim_noinit.ram/ram_empty_fb_i_reg[0]) which is driven by a register (system_i/axi_vdma_1/U0/GEN_SPRT_FOR_MM2S.MM2S_LINEBUFFER_I/GEN_LINEBUF_FLUSH_SOF.GEN_LINEBUFFER.GEN_ASYNC_FIFO.LB_BRAM.I_LINEBUFFER_FIFO/fg_inst/inst_fifo_gen/gconvfifo.rf/grf.rf/gntv_or_sync_fifo.gl0.rd/gr1.gr1_int.rfwft/empty_fwft_i_reg) that has an active asychronous set or reset. This may cause corruption of the memory contents and/or read values when the set/reset is asserted and is not analyzed by the default static timing analysis. It is suggested to eliminate the use of a set/reset to registers driving this RAMB pin or else use a synchronous reset in which the assertion of the reset is timed by default.
Related violations: <none>

REQP-1839#16 Warning
RAMB36 async control check  
The RAMB36E1 system_i/axi_vdma_1/U0/GEN_SPRT_FOR_MM2S.MM2S_LINEBUFFER_I/GEN_LINEBUF_FLUSH_SOF.GEN_LINEBUFFER.GEN_ASYNC_FIFO.LB_BRAM.I_LINEBUFFER_FIFO/fg_inst/inst_fifo_gen/gconvfifo.rf/grf.rf/gntv_or_sync_fifo.mem/gbm.gbmg.gbmgb.ngecc.bmg/inst_blk_mem_gen/gnbram.gnativebmg.native_blk_mem_gen/valid.cstr/ramloop[1].ram.r/prim_noinit.ram/DEVICE_7SERIES.NO_BMM_INFO.SDP.SIMPLE_PRIM36.ram has an input control pin system_i/axi_vdma_1/U0/GEN_SPRT_FOR_MM2S.MM2S_LINEBUFFER_I/GEN_LINEBUF_FLUSH_SOF.GEN_LINEBUFFER.GEN_ASYNC_FIFO.LB_BRAM.I_LINEBUFFER_FIFO/fg_inst/inst_fifo_gen/gconvfifo.rf/grf.rf/gntv_or_sync_fifo.mem/gbm.gbmg.gbmgb.ngecc.bmg/inst_blk_mem_gen/gnbram.gnativebmg.native_blk_mem_gen/valid.cstr/ramloop[1].ram.r/prim_noinit.ram/DEVICE_7SERIES.NO_BMM_INFO.SDP.SIMPLE_PRIM36.ram/WEA[0] (net: system_i/axi_vdma_1/U0/GEN_SPRT_FOR_MM2S.MM2S_LINEBUFFER_I/GEN_LINEBUF_FLUSH_SOF.GEN_LINEBUFFER.GEN_ASYNC_FIFO.LB_BRAM.I_LINEBUFFER_FIFO/fg_inst/inst_fifo_gen/gconvfifo.rf/grf.rf/gntv_or_sync_fifo.mem/gbm.gbmg.gbmgb.ngecc.bmg/inst_blk_mem_gen/gnbram.gnativebmg.native_blk_mem_gen/valid.cstr/ramloop[1].ram.r/prim_noinit.ram/prmry_resetn_i_reg) which is driven by a register (system_i/axi_vdma_1/U0/GEN_SPRT_FOR_MM2S.MM2S_LINEBUFFER_I/GEN_LINEBUF_FLUSH_SOF.GEN_LINEBUFFER.GEN_ASYNC_FIFO.LB_BRAM.I_LINEBUFFER_FIFO/fg_inst/inst_fifo_gen/gconvfifo.rf/grf.rf/gntv_or_sync_fifo.gl0.wr/gwas.wsts/ram_full_i_reg) that has an active asychronous set or reset. This may cause corruption of the memory contents and/or read values when the set/reset is asserted and is not analyzed by the default static timing analysis. It is suggested to eliminate the use of a set/reset to registers driving this RAMB pin or else use a synchronous reset in which the assertion of the reset is timed by default.
Related violations: <none>

REQP-1839#17 Warning
RAMB36 async control check  
The RAMB36E1 system_i/axi_vdma_1/U0/GEN_SPRT_FOR_MM2S.MM2S_LINEBUFFER_I/GEN_LINEBUF_FLUSH_SOF.GEN_LINEBUFFER.GEN_ASYNC_FIFO.LB_BRAM.I_LINEBUFFER_FIFO/fg_inst/inst_fifo_gen/gconvfifo.rf/grf.rf/gntv_or_sync_fifo.mem/gbm.gbmg.gbmgb.ngecc.bmg/inst_blk_mem_gen/gnbram.gnativebmg.native_blk_mem_gen/valid.cstr/ramloop[1].ram.r/prim_noinit.ram/DEVICE_7SERIES.NO_BMM_INFO.SDP.SIMPLE_PRIM36.ram has an input control pin system_i/axi_vdma_1/U0/GEN_SPRT_FOR_MM2S.MM2S_LINEBUFFER_I/GEN_LINEBUF_FLUSH_SOF.GEN_LINEBUFFER.GEN_ASYNC_FIFO.LB_BRAM.I_LINEBUFFER_FIFO/fg_inst/inst_fifo_gen/gconvfifo.rf/grf.rf/gntv_or_sync_fifo.mem/gbm.gbmg.gbmgb.ngecc.bmg/inst_blk_mem_gen/gnbram.gnativebmg.native_blk_mem_gen/valid.cstr/ramloop[1].ram.r/prim_noinit.ram/DEVICE_7SERIES.NO_BMM_INFO.SDP.SIMPLE_PRIM36.ram/WEA[1] (net: system_i/axi_vdma_1/U0/GEN_SPRT_FOR_MM2S.MM2S_LINEBUFFER_I/GEN_LINEBUF_FLUSH_SOF.GEN_LINEBUFFER.GEN_ASYNC_FIFO.LB_BRAM.I_LINEBUFFER_FIFO/fg_inst/inst_fifo_gen/gconvfifo.rf/grf.rf/gntv_or_sync_fifo.mem/gbm.gbmg.gbmgb.ngecc.bmg/inst_blk_mem_gen/gnbram.gnativebmg.native_blk_mem_gen/valid.cstr/ramloop[1].ram.r/prim_noinit.ram/prmry_resetn_i_reg) which is driven by a register (system_i/axi_vdma_1/U0/GEN_SPRT_FOR_MM2S.MM2S_LINEBUFFER_I/GEN_LINEBUF_FLUSH_SOF.GEN_LINEBUFFER.GEN_ASYNC_FIFO.LB_BRAM.I_LINEBUFFER_FIFO/fg_inst/inst_fifo_gen/gconvfifo.rf/grf.rf/gntv_or_sync_fifo.gl0.wr/gwas.wsts/ram_full_i_reg) that has an active asychronous set or reset. This may cause corruption of the memory contents and/or read values when the set/reset is asserted and is not analyzed by the default static timing analysis. It is suggested to eliminate the use of a set/reset to registers driving this RAMB pin or else use a synchronous reset in which the assertion of the reset is timed by default.
Related violations: <none>

REQP-1839#18 Warning
RAMB36 async control check  
The RAMB36E1 system_i/axi_vdma_1/U0/I_PRMRY_DATAMOVER/GEN_MM2S_FULL.I_MM2S_FULL_WRAPPER/GEN_INCLUDE_MM2S_SF.I_RD_SF/I_DATA_FIFO/BLK_MEM.I_SYNC_FIFOGEN_FIFO/FAMILY_SUPPORTED.I_SYNC_FIFO_BRAM/inst_fifo_gen/gconvfifo.rf/grf.rf/gntv_or_sync_fifo.mem/gbm.gbmg.gbmgb.ngecc.bmg/inst_blk_mem_gen/gnbram.gnativebmg.native_blk_mem_gen/valid.cstr/ramloop[0].ram.r/prim_noinit.ram/DEVICE_7SERIES.NO_BMM_INFO.SDP.WIDE_PRIM36_NO_ECC.ram has an input control pin system_i/axi_vdma_1/U0/I_PRMRY_DATAMOVER/GEN_MM2S_FULL.I_MM2S_FULL_WRAPPER/GEN_INCLUDE_MM2S_SF.I_RD_SF/I_DATA_FIFO/BLK_MEM.I_SYNC_FIFOGEN_FIFO/FAMILY_SUPPORTED.I_SYNC_FIFO_BRAM/inst_fifo_gen/gconvfifo.rf/grf.rf/gntv_or_sync_fifo.mem/gbm.gbmg.gbmgb.ngecc.bmg/inst_blk_mem_gen/gnbram.gnativebmg.native_blk_mem_gen/valid.cstr/ramloop[0].ram.r/prim_noinit.ram/DEVICE_7SERIES.NO_BMM_INFO.SDP.WIDE_PRIM36_NO_ECC.ram/ENARDEN (net: system_i/axi_vdma_1/U0/I_PRMRY_DATAMOVER/GEN_MM2S_FULL.I_MM2S_FULL_WRAPPER/GEN_INCLUDE_MM2S_SF.I_RD_SF/I_DATA_FIFO/BLK_MEM.I_SYNC_FIFOGEN_FIFO/FAMILY_SUPPORTED.I_SYNC_FIFO_BRAM/inst_fifo_gen/gconvfifo.rf/grf.rf/gntv_or_sync_fifo.mem/gbm.gbmg.gbmgb.ngecc.bmg/inst_blk_mem_gen/gnbram.gnativebmg.native_blk_mem_gen/valid.cstr/ramloop[0].ram.r/prim_noinit.ram/ram_empty_fb_i_reg) which is driven by a register (system_i/axi_vdma_1/U0/GEN_SPRT_FOR_MM2S.MM2S_LINEBUFFER_I/GEN_LINEBUF_FLUSH_SOF.GEN_LINEBUFFER.GEN_ASYNC_FIFO.LB_BRAM.I_LINEBUFFER_FIFO/fg_inst/inst_fifo_gen/gconvfifo.rf/grf.rf/gntv_or_sync_fifo.gl0.wr/gwas.wsts/ram_full_i_reg) that has an active asychronous set or reset. This may cause corruption of the memory contents and/or read values when the set/reset is asserted and is not analyzed by the default static timing analysis. It is suggested to eliminate the use of a set/reset to registers driving this RAMB pin or else use a synchronous reset in which the assertion of the reset is timed by default.
Related violations: <none>

REQP-1839#19 Warning
RAMB36 async control check  
The RAMB36E1 system_i/v_tpg_0/inst/tpgBackground_U0/grp_tpgPatternZonePlate_fu_404/tmp_16_reg_424_reg_0 has an input control pin system_i/v_tpg_0/inst/tpgBackground_U0/grp_tpgPatternZonePlate_fu_404/tmp_16_reg_424_reg_0/ADDRARDADDR[14] (net: system_i/v_tpg_0/inst/tpgBackground_U0/grp_tpgPatternZonePlate_fu_404/p_0_in_0[10]) which is driven by a register (system_i/axi_mem_intercon/m00_couplers/auto_pc/inst/gen_axi4_axi3.axi3_conv_inst/USE_WRITE.write_addr_inst/USE_BURSTS.cmd_queue/inst/fifo_gen_inst/inst_fifo_gen/gconvfifo.rf/grf.rf/gntv_or_sync_fifo.gl0.rd/gr1.gr1_int.rfwft/empty_fwft_i_reg) that has an active asychronous set or reset. This may cause corruption of the memory contents and/or read values when the set/reset is asserted and is not analyzed by the default static timing analysis. It is suggested to eliminate the use of a set/reset to registers driving this RAMB pin or else use a synchronous reset in which the assertion of the reset is timed by default.
Related violations: <none>

REQP-1839#20 Warning
RAMB36 async control check  
The RAMB36E1 system_i/v_tpg_0/inst/tpgBackground_U0/grp_tpgPatternZonePlate_fu_404/tmp_16_reg_424_reg_0 has an input control pin system_i/v_tpg_0/inst/tpgBackground_U0/grp_tpgPatternZonePlate_fu_404/tmp_16_reg_424_reg_0/ADDRARDADDR[14] (net: system_i/v_tpg_0/inst/tpgBackground_U0/grp_tpgPatternZonePlate_fu_404/p_0_in_0[10]) which is driven by a register (system_i/axi_mem_intercon/m00_couplers/auto_pc/inst/gen_axi4_axi3.axi3_conv_inst/USE_WRITE.write_addr_inst/USE_BURSTS.cmd_queue/inst/fifo_gen_inst/inst_fifo_gen/gconvfifo.rf/grf.rf/gntv_or_sync_fifo.gl0.wr/gwss.wsts/ram_full_i_reg) that has an active asychronous set or reset. This may cause corruption of the memory contents and/or read values when the set/reset is asserted and is not analyzed by the default static timing analysis. It is suggested to eliminate the use of a set/reset to registers driving this RAMB pin or else use a synchronous reset in which the assertion of the reset is timed by default.
Related violations: <none>

REQP-1840#1 Warning
RAMB18 async control check  
The RAMB18E1 system_i/v_tpg_0/inst/tpgBackground_U0/grp_tpgPatternZonePlate_fu_404/tmp_16_reg_424_reg_1 has an input control pin system_i/v_tpg_0/inst/tpgBackground_U0/grp_tpgPatternZonePlate_fu_404/tmp_16_reg_424_reg_1/ADDRARDADDR[10] (net: system_i/v_tpg_0/inst/tpgBackground_U0/grp_tpgPatternZonePlate_fu_404/p_0_in_0[7]) which is driven by a register (system_i/axi_mem_intercon/m00_couplers/auto_pc/inst/gen_axi4_axi3.axi3_conv_inst/USE_READ.USE_SPLIT_R.read_addr_inst/USE_R_CHANNEL.cmd_queue/inst/fifo_gen_inst/inst_fifo_gen/gconvfifo.rf/grf.rf/gntv_or_sync_fifo.gl0.rd/gr1.gr1_int.rfwft/empty_fwft_i_reg) that has an active asychronous set or reset. This may cause corruption of the memory contents and/or read values when the set/reset is asserted and is not analyzed by the default static timing analysis. It is suggested to eliminate the use of a set/reset to registers driving this RAMB pin or else use a synchronous reset in which the assertion of the reset is timed by default.
Related violations: <none>

REQP-1840#2 Warning
RAMB18 async control check  
The RAMB18E1 system_i/v_tpg_0/inst/tpgBackground_U0/grp_tpgPatternZonePlate_fu_404/tmp_16_reg_424_reg_1 has an input control pin system_i/v_tpg_0/inst/tpgBackground_U0/grp_tpgPatternZonePlate_fu_404/tmp_16_reg_424_reg_1/ADDRARDADDR[10] (net: system_i/v_tpg_0/inst/tpgBackground_U0/grp_tpgPatternZonePlate_fu_404/p_0_in_0[7]) which is driven by a register (system_i/axi_mem_intercon/m00_couplers/auto_pc/inst/gen_axi4_axi3.axi3_conv_inst/USE_READ.USE_SPLIT_R.read_addr_inst/USE_R_CHANNEL.cmd_queue/inst/fifo_gen_inst/inst_fifo_gen/gconvfifo.rf/grf.rf/gntv_or_sync_fifo.gl0.wr/gwss.wsts/ram_full_i_reg) that has an active asychronous set or reset. This may cause corruption of the memory contents and/or read values when the set/reset is asserted and is not analyzed by the default static timing analysis. It is suggested to eliminate the use of a set/reset to registers driving this RAMB pin or else use a synchronous reset in which the assertion of the reset is timed by default.
Related violations: <none>

REQP-1840#3 Warning
RAMB18 async control check  
The RAMB18E1 system_i/v_tpg_0/inst/tpgBackground_U0/grp_tpgPatternZonePlate_fu_404/tmp_16_reg_424_reg_1 has an input control pin system_i/v_tpg_0/inst/tpgBackground_U0/grp_tpgPatternZonePlate_fu_404/tmp_16_reg_424_reg_1/ADDRARDADDR[10] (net: system_i/v_tpg_0/inst/tpgBackground_U0/grp_tpgPatternZonePlate_fu_404/p_0_in_0[7]) which is driven by a register (system_i/axi_mem_intercon/m00_couplers/auto_pc/inst/gen_axi4_axi3.axi3_conv_inst/USE_WRITE.write_addr_inst/USE_BURSTS.cmd_queue/inst/fifo_gen_inst/inst_fifo_gen/gconvfifo.rf/grf.rf/gntv_or_sync_fifo.gl0.rd/gr1.gr1_int.rfwft/empty_fwft_i_reg) that has an active asychronous set or reset. This may cause corruption of the memory contents and/or read values when the set/reset is asserted and is not analyzed by the default static timing analysis. It is suggested to eliminate the use of a set/reset to registers driving this RAMB pin or else use a synchronous reset in which the assertion of the reset is timed by default.
Related violations: <none>

REQP-1840#4 Warning
RAMB18 async control check  
The RAMB18E1 system_i/v_tpg_0/inst/tpgBackground_U0/grp_tpgPatternZonePlate_fu_404/tmp_16_reg_424_reg_1 has an input control pin system_i/v_tpg_0/inst/tpgBackground_U0/grp_tpgPatternZonePlate_fu_404/tmp_16_reg_424_reg_1/ADDRARDADDR[10] (net: system_i/v_tpg_0/inst/tpgBackground_U0/grp_tpgPatternZonePlate_fu_404/p_0_in_0[7]) which is driven by a register (system_i/axi_mem_intercon/m00_couplers/auto_pc/inst/gen_axi4_axi3.axi3_conv_inst/USE_WRITE.write_addr_inst/USE_BURSTS.cmd_queue/inst/fifo_gen_inst/inst_fifo_gen/gconvfifo.rf/grf.rf/gntv_or_sync_fifo.gl0.wr/gwss.wsts/ram_full_i_reg) that has an active asychronous set or reset. This may cause corruption of the memory contents and/or read values when the set/reset is asserted and is not analyzed by the default static timing analysis. It is suggested to eliminate the use of a set/reset to registers driving this RAMB pin or else use a synchronous reset in which the assertion of the reset is timed by default.
Related violations: <none>

REQP-1840#5 Warning
RAMB18 async control check  
The RAMB18E1 system_i/v_tpg_0/inst/tpgBackground_U0/grp_tpgPatternZonePlate_fu_404/tmp_16_reg_424_reg_1 has an input control pin system_i/v_tpg_0/inst/tpgBackground_U0/grp_tpgPatternZonePlate_fu_404/tmp_16_reg_424_reg_1/ADDRARDADDR[10] (net: system_i/v_tpg_0/inst/tpgBackground_U0/grp_tpgPatternZonePlate_fu_404/p_0_in_0[7]) which is driven by a register (system_i/axi_mem_intercon/m00_couplers/auto_pc/inst/gen_axi4_axi3.axi3_conv_inst/USE_WRITE.write_addr_inst/USE_B_CHANNEL.cmd_b_queue/inst/fifo_gen_inst/inst_fifo_gen/gconvfifo.rf/grf.rf/gntv_or_sync_fifo.gl0.wr/gwss.wsts/ram_full_i_reg) that has an active asychronous set or reset. This may cause corruption of the memory contents and/or read values when the set/reset is asserted and is not analyzed by the default static timing analysis. It is suggested to eliminate the use of a set/reset to registers driving this RAMB pin or else use a synchronous reset in which the assertion of the reset is timed by default.
Related violations: <none>

REQP-1840#6 Warning
RAMB18 async control check  
The RAMB18E1 system_i/v_tpg_0/inst/tpgBackground_U0/grp_tpgPatternZonePlate_fu_404/tmp_16_reg_424_reg_1 has an input control pin system_i/v_tpg_0/inst/tpgBackground_U0/grp_tpgPatternZonePlate_fu_404/tmp_16_reg_424_reg_1/ADDRARDADDR[11] (net: system_i/v_tpg_0/inst/tpgBackground_U0/grp_tpgPatternZonePlate_fu_404/p_0_in_0[8]) which is driven by a register (system_i/axi_mem_intercon/m00_couplers/auto_pc/inst/gen_axi4_axi3.axi3_conv_inst/USE_READ.USE_SPLIT_R.read_addr_inst/USE_R_CHANNEL.cmd_queue/inst/fifo_gen_inst/inst_fifo_gen/gconvfifo.rf/grf.rf/gntv_or_sync_fifo.gl0.rd/gr1.gr1_int.rfwft/empty_fwft_i_reg) that has an active asychronous set or reset. This may cause corruption of the memory contents and/or read values when the set/reset is asserted and is not analyzed by the default static timing analysis. It is suggested to eliminate the use of a set/reset to registers driving this RAMB pin or else use a synchronous reset in which the assertion of the reset is timed by default.
Related violations: <none>

REQP-1840#7 Warning
RAMB18 async control check  
The RAMB18E1 system_i/v_tpg_0/inst/tpgBackground_U0/grp_tpgPatternZonePlate_fu_404/tmp_16_reg_424_reg_1 has an input control pin system_i/v_tpg_0/inst/tpgBackground_U0/grp_tpgPatternZonePlate_fu_404/tmp_16_reg_424_reg_1/ADDRARDADDR[11] (net: system_i/v_tpg_0/inst/tpgBackground_U0/grp_tpgPatternZonePlate_fu_404/p_0_in_0[8]) which is driven by a register (system_i/axi_mem_intercon/m00_couplers/auto_pc/inst/gen_axi4_axi3.axi3_conv_inst/USE_READ.USE_SPLIT_R.read_addr_inst/USE_R_CHANNEL.cmd_queue/inst/fifo_gen_inst/inst_fifo_gen/gconvfifo.rf/grf.rf/gntv_or_sync_fifo.gl0.wr/gwss.wsts/ram_full_i_reg) that has an active asychronous set or reset. This may cause corruption of the memory contents and/or read values when the set/reset is asserted and is not analyzed by the default static timing analysis. It is suggested to eliminate the use of a set/reset to registers driving this RAMB pin or else use a synchronous reset in which the assertion of the reset is timed by default.
Related violations: <none>

REQP-1840#8 Warning
RAMB18 async control check  
The RAMB18E1 system_i/v_tpg_0/inst/tpgBackground_U0/grp_tpgPatternZonePlate_fu_404/tmp_16_reg_424_reg_1 has an input control pin system_i/v_tpg_0/inst/tpgBackground_U0/grp_tpgPatternZonePlate_fu_404/tmp_16_reg_424_reg_1/ADDRARDADDR[11] (net: system_i/v_tpg_0/inst/tpgBackground_U0/grp_tpgPatternZonePlate_fu_404/p_0_in_0[8]) which is driven by a register (system_i/axi_mem_intercon/m00_couplers/auto_pc/inst/gen_axi4_axi3.axi3_conv_inst/USE_WRITE.write_addr_inst/USE_BURSTS.cmd_queue/inst/fifo_gen_inst/inst_fifo_gen/gconvfifo.rf/grf.rf/gntv_or_sync_fifo.gl0.rd/gr1.gr1_int.rfwft/empty_fwft_i_reg) that has an active asychronous set or reset. This may cause corruption of the memory contents and/or read values when the set/reset is asserted and is not analyzed by the default static timing analysis. It is suggested to eliminate the use of a set/reset to registers driving this RAMB pin or else use a synchronous reset in which the assertion of the reset is timed by default.
Related violations: <none>

REQP-1840#9 Warning
RAMB18 async control check  
The RAMB18E1 system_i/v_tpg_0/inst/tpgBackground_U0/grp_tpgPatternZonePlate_fu_404/tmp_16_reg_424_reg_1 has an input control pin system_i/v_tpg_0/inst/tpgBackground_U0/grp_tpgPatternZonePlate_fu_404/tmp_16_reg_424_reg_1/ADDRARDADDR[11] (net: system_i/v_tpg_0/inst/tpgBackground_U0/grp_tpgPatternZonePlate_fu_404/p_0_in_0[8]) which is driven by a register (system_i/axi_mem_intercon/m00_couplers/auto_pc/inst/gen_axi4_axi3.axi3_conv_inst/USE_WRITE.write_addr_inst/USE_BURSTS.cmd_queue/inst/fifo_gen_inst/inst_fifo_gen/gconvfifo.rf/grf.rf/gntv_or_sync_fifo.gl0.wr/gwss.wsts/ram_full_i_reg) that has an active asychronous set or reset. This may cause corruption of the memory contents and/or read values when the set/reset is asserted and is not analyzed by the default static timing analysis. It is suggested to eliminate the use of a set/reset to registers driving this RAMB pin or else use a synchronous reset in which the assertion of the reset is timed by default.
Related violations: <none>

REQP-1840#10 Warning
RAMB18 async control check  
The RAMB18E1 system_i/v_tpg_0/inst/tpgBackground_U0/grp_tpgPatternZonePlate_fu_404/tmp_16_reg_424_reg_1 has an input control pin system_i/v_tpg_0/inst/tpgBackground_U0/grp_tpgPatternZonePlate_fu_404/tmp_16_reg_424_reg_1/ADDRARDADDR[11] (net: system_i/v_tpg_0/inst/tpgBackground_U0/grp_tpgPatternZonePlate_fu_404/p_0_in_0[8]) which is driven by a register (system_i/axi_mem_intercon/m00_couplers/auto_pc/inst/gen_axi4_axi3.axi3_conv_inst/USE_WRITE.write_addr_inst/USE_B_CHANNEL.cmd_b_queue/inst/fifo_gen_inst/inst_fifo_gen/gconvfifo.rf/grf.rf/gntv_or_sync_fifo.gl0.wr/gwss.wsts/ram_full_i_reg) that has an active asychronous set or reset. This may cause corruption of the memory contents and/or read values when the set/reset is asserted and is not analyzed by the default static timing analysis. It is suggested to eliminate the use of a set/reset to registers driving this RAMB pin or else use a synchronous reset in which the assertion of the reset is timed by default.
Related violations: <none>

REQP-1840#11 Warning
RAMB18 async control check  
The RAMB18E1 system_i/v_tpg_0/inst/tpgBackground_U0/grp_tpgPatternZonePlate_fu_404/tmp_16_reg_424_reg_1 has an input control pin system_i/v_tpg_0/inst/tpgBackground_U0/grp_tpgPatternZonePlate_fu_404/tmp_16_reg_424_reg_1/ADDRARDADDR[12] (net: system_i/v_tpg_0/inst/tpgBackground_U0/grp_tpgPatternZonePlate_fu_404/p_0_in_0[9]) which is driven by a register (system_i/axi_mem_intercon/m00_couplers/auto_pc/inst/gen_axi4_axi3.axi3_conv_inst/USE_READ.USE_SPLIT_R.read_addr_inst/USE_R_CHANNEL.cmd_queue/inst/fifo_gen_inst/inst_fifo_gen/gconvfifo.rf/grf.rf/gntv_or_sync_fifo.gl0.rd/gr1.gr1_int.rfwft/empty_fwft_i_reg) that has an active asychronous set or reset. This may cause corruption of the memory contents and/or read values when the set/reset is asserted and is not analyzed by the default static timing analysis. It is suggested to eliminate the use of a set/reset to registers driving this RAMB pin or else use a synchronous reset in which the assertion of the reset is timed by default.
Related violations: <none>

REQP-1840#12 Warning
RAMB18 async control check  
The RAMB18E1 system_i/v_tpg_0/inst/tpgBackground_U0/grp_tpgPatternZonePlate_fu_404/tmp_16_reg_424_reg_1 has an input control pin system_i/v_tpg_0/inst/tpgBackground_U0/grp_tpgPatternZonePlate_fu_404/tmp_16_reg_424_reg_1/ADDRARDADDR[12] (net: system_i/v_tpg_0/inst/tpgBackground_U0/grp_tpgPatternZonePlate_fu_404/p_0_in_0[9]) which is driven by a register (system_i/axi_mem_intercon/m00_couplers/auto_pc/inst/gen_axi4_axi3.axi3_conv_inst/USE_READ.USE_SPLIT_R.read_addr_inst/USE_R_CHANNEL.cmd_queue/inst/fifo_gen_inst/inst_fifo_gen/gconvfifo.rf/grf.rf/gntv_or_sync_fifo.gl0.wr/gwss.wsts/ram_full_i_reg) that has an active asychronous set or reset. This may cause corruption of the memory contents and/or read values when the set/reset is asserted and is not analyzed by the default static timing analysis. It is suggested to eliminate the use of a set/reset to registers driving this RAMB pin or else use a synchronous reset in which the assertion of the reset is timed by default.
Related violations: <none>

REQP-1840#13 Warning
RAMB18 async control check  
The RAMB18E1 system_i/v_tpg_0/inst/tpgBackground_U0/grp_tpgPatternZonePlate_fu_404/tmp_16_reg_424_reg_1 has an input control pin system_i/v_tpg_0/inst/tpgBackground_U0/grp_tpgPatternZonePlate_fu_404/tmp_16_reg_424_reg_1/ADDRARDADDR[12] (net: system_i/v_tpg_0/inst/tpgBackground_U0/grp_tpgPatternZonePlate_fu_404/p_0_in_0[9]) which is driven by a register (system_i/axi_mem_intercon/m00_couplers/auto_pc/inst/gen_axi4_axi3.axi3_conv_inst/USE_WRITE.write_addr_inst/USE_BURSTS.cmd_queue/inst/fifo_gen_inst/inst_fifo_gen/gconvfifo.rf/grf.rf/gntv_or_sync_fifo.gl0.rd/gr1.gr1_int.rfwft/empty_fwft_i_reg) that has an active asychronous set or reset. This may cause corruption of the memory contents and/or read values when the set/reset is asserted and is not analyzed by the default static timing analysis. It is suggested to eliminate the use of a set/reset to registers driving this RAMB pin or else use a synchronous reset in which the assertion of the reset is timed by default.
Related violations: <none>

REQP-1840#14 Warning
RAMB18 async control check  
The RAMB18E1 system_i/v_tpg_0/inst/tpgBackground_U0/grp_tpgPatternZonePlate_fu_404/tmp_16_reg_424_reg_1 has an input control pin system_i/v_tpg_0/inst/tpgBackground_U0/grp_tpgPatternZonePlate_fu_404/tmp_16_reg_424_reg_1/ADDRARDADDR[12] (net: system_i/v_tpg_0/inst/tpgBackground_U0/grp_tpgPatternZonePlate_fu_404/p_0_in_0[9]) which is driven by a register (system_i/axi_mem_intercon/m00_couplers/auto_pc/inst/gen_axi4_axi3.axi3_conv_inst/USE_WRITE.write_addr_inst/USE_BURSTS.cmd_queue/inst/fifo_gen_inst/inst_fifo_gen/gconvfifo.rf/grf.rf/gntv_or_sync_fifo.gl0.wr/gwss.wsts/ram_full_i_reg) that has an active asychronous set or reset. This may cause corruption of the memory contents and/or read values when the set/reset is asserted and is not analyzed by the default static timing analysis. It is suggested to eliminate the use of a set/reset to registers driving this RAMB pin or else use a synchronous reset in which the assertion of the reset is timed by default.
Related violations: <none>

REQP-1840#15 Warning
RAMB18 async control check  
The RAMB18E1 system_i/v_tpg_0/inst/tpgBackground_U0/grp_tpgPatternZonePlate_fu_404/tmp_16_reg_424_reg_1 has an input control pin system_i/v_tpg_0/inst/tpgBackground_U0/grp_tpgPatternZonePlate_fu_404/tmp_16_reg_424_reg_1/ADDRARDADDR[12] (net: system_i/v_tpg_0/inst/tpgBackground_U0/grp_tpgPatternZonePlate_fu_404/p_0_in_0[9]) which is driven by a register (system_i/axi_mem_intercon/m00_couplers/auto_pc/inst/gen_axi4_axi3.axi3_conv_inst/USE_WRITE.write_addr_inst/USE_B_CHANNEL.cmd_b_queue/inst/fifo_gen_inst/inst_fifo_gen/gconvfifo.rf/grf.rf/gntv_or_sync_fifo.gl0.wr/gwss.wsts/ram_full_i_reg) that has an active asychronous set or reset. This may cause corruption of the memory contents and/or read values when the set/reset is asserted and is not analyzed by the default static timing analysis. It is suggested to eliminate the use of a set/reset to registers driving this RAMB pin or else use a synchronous reset in which the assertion of the reset is timed by default.
Related violations: <none>

REQP-1840#16 Warning
RAMB18 async control check  
The RAMB18E1 system_i/v_tpg_0/inst/tpgBackground_U0/grp_tpgPatternZonePlate_fu_404/tmp_16_reg_424_reg_1 has an input control pin system_i/v_tpg_0/inst/tpgBackground_U0/grp_tpgPatternZonePlate_fu_404/tmp_16_reg_424_reg_1/ADDRARDADDR[13] (net: system_i/v_tpg_0/inst/tpgBackground_U0/grp_tpgPatternZonePlate_fu_404/p_0_in_0[10]) which is driven by a register (system_i/axi_mem_intercon/m00_couplers/auto_pc/inst/gen_axi4_axi3.axi3_conv_inst/USE_READ.USE_SPLIT_R.read_addr_inst/USE_R_CHANNEL.cmd_queue/inst/fifo_gen_inst/inst_fifo_gen/gconvfifo.rf/grf.rf/gntv_or_sync_fifo.gl0.rd/gr1.gr1_int.rfwft/empty_fwft_i_reg) that has an active asychronous set or reset. This may cause corruption of the memory contents and/or read values when the set/reset is asserted and is not analyzed by the default static timing analysis. It is suggested to eliminate the use of a set/reset to registers driving this RAMB pin or else use a synchronous reset in which the assertion of the reset is timed by default.
Related violations: <none>

REQP-1840#17 Warning
RAMB18 async control check  
The RAMB18E1 system_i/v_tpg_0/inst/tpgBackground_U0/grp_tpgPatternZonePlate_fu_404/tmp_16_reg_424_reg_1 has an input control pin system_i/v_tpg_0/inst/tpgBackground_U0/grp_tpgPatternZonePlate_fu_404/tmp_16_reg_424_reg_1/ADDRARDADDR[13] (net: system_i/v_tpg_0/inst/tpgBackground_U0/grp_tpgPatternZonePlate_fu_404/p_0_in_0[10]) which is driven by a register (system_i/axi_mem_intercon/m00_couplers/auto_pc/inst/gen_axi4_axi3.axi3_conv_inst/USE_READ.USE_SPLIT_R.read_addr_inst/USE_R_CHANNEL.cmd_queue/inst/fifo_gen_inst/inst_fifo_gen/gconvfifo.rf/grf.rf/gntv_or_sync_fifo.gl0.wr/gwss.wsts/ram_full_i_reg) that has an active asychronous set or reset. This may cause corruption of the memory contents and/or read values when the set/reset is asserted and is not analyzed by the default static timing analysis. It is suggested to eliminate the use of a set/reset to registers driving this RAMB pin or else use a synchronous reset in which the assertion of the reset is timed by default.
Related violations: <none>

REQP-1840#18 Warning
RAMB18 async control check  
The RAMB18E1 system_i/v_tpg_0/inst/tpgBackground_U0/grp_tpgPatternZonePlate_fu_404/tmp_16_reg_424_reg_1 has an input control pin system_i/v_tpg_0/inst/tpgBackground_U0/grp_tpgPatternZonePlate_fu_404/tmp_16_reg_424_reg_1/ADDRARDADDR[13] (net: system_i/v_tpg_0/inst/tpgBackground_U0/grp_tpgPatternZonePlate_fu_404/p_0_in_0[10]) which is driven by a register (system_i/axi_mem_intercon/m00_couplers/auto_pc/inst/gen_axi4_axi3.axi3_conv_inst/USE_WRITE.write_addr_inst/USE_BURSTS.cmd_queue/inst/fifo_gen_inst/inst_fifo_gen/gconvfifo.rf/grf.rf/gntv_or_sync_fifo.gl0.rd/gr1.gr1_int.rfwft/empty_fwft_i_reg) that has an active asychronous set or reset. This may cause corruption of the memory contents and/or read values when the set/reset is asserted and is not analyzed by the default static timing analysis. It is suggested to eliminate the use of a set/reset to registers driving this RAMB pin or else use a synchronous reset in which the assertion of the reset is timed by default.
Related violations: <none>

REQP-1840#19 Warning
RAMB18 async control check  
The RAMB18E1 system_i/v_tpg_0/inst/tpgBackground_U0/grp_tpgPatternZonePlate_fu_404/tmp_16_reg_424_reg_1 has an input control pin system_i/v_tpg_0/inst/tpgBackground_U0/grp_tpgPatternZonePlate_fu_404/tmp_16_reg_424_reg_1/ADDRARDADDR[13] (net: system_i/v_tpg_0/inst/tpgBackground_U0/grp_tpgPatternZonePlate_fu_404/p_0_in_0[10]) which is driven by a register (system_i/axi_mem_intercon/m00_couplers/auto_pc/inst/gen_axi4_axi3.axi3_conv_inst/USE_WRITE.write_addr_inst/USE_BURSTS.cmd_queue/inst/fifo_gen_inst/inst_fifo_gen/gconvfifo.rf/grf.rf/gntv_or_sync_fifo.gl0.wr/gwss.wsts/ram_full_i_reg) that has an active asychronous set or reset. This may cause corruption of the memory contents and/or read values when the set/reset is asserted and is not analyzed by the default static timing analysis. It is suggested to eliminate the use of a set/reset to registers driving this RAMB pin or else use a synchronous reset in which the assertion of the reset is timed by default.
Related violations: <none>

REQP-1840#20 Warning
RAMB18 async control check  
The RAMB18E1 system_i/v_tpg_0/inst/tpgBackground_U0/grp_tpgPatternZonePlate_fu_404/tmp_16_reg_424_reg_1 has an input control pin system_i/v_tpg_0/inst/tpgBackground_U0/grp_tpgPatternZonePlate_fu_404/tmp_16_reg_424_reg_1/ADDRARDADDR[13] (net: system_i/v_tpg_0/inst/tpgBackground_U0/grp_tpgPatternZonePlate_fu_404/p_0_in_0[10]) which is driven by a register (system_i/axi_mem_intercon/m00_couplers/auto_pc/inst/gen_axi4_axi3.axi3_conv_inst/USE_WRITE.write_addr_inst/USE_B_CHANNEL.cmd_b_queue/inst/fifo_gen_inst/inst_fifo_gen/gconvfifo.rf/grf.rf/gntv_or_sync_fifo.gl0.wr/gwss.wsts/ram_full_i_reg) that has an active asychronous set or reset. This may cause corruption of the memory contents and/or read values when the set/reset is asserted and is not analyzed by the default static timing analysis. It is suggested to eliminate the use of a set/reset to registers driving this RAMB pin or else use a synchronous reset in which the assertion of the reset is timed by default.
Related violations: <none>

RTSTAT-10#1 Warning
No routable loads  
59 net(s) have no routable loads. The problem bus(es) and/or net(s) are system_i/axi_mem_intercon/m00_couplers/auto_pc/inst/gen_axi4_axi3.axi3_conv_inst/USE_WRITE.write_addr_inst/USE_BURSTS.cmd_queue/inst/fifo_gen_inst/inst_fifo_gen/gconvfifo.rf/grf.rf/gntv_or_sync_fifo.gl0.rd/gr1.gr1_int.rfwft/aempty_fwft_i, system_i/axi_vdma_0/U0/I_PRMRY_DATAMOVER/GEN_MM2S_FULL.I_MM2S_FULL_WRAPPER/GEN_INCLUDE_MM2S_SF.I_RD_SF/I_DATA_FIFO/BLK_MEM.I_SYNC_FIFOGEN_FIFO/FAMILY_SUPPORTED.I_SYNC_FIFO_BRAM/inst_fifo_gen/gconvfifo.rf/grf.rf/gntv_or_sync_fifo.gl0.rd/gr1.gr1_int.rfwft/aempty_fwft_i, system_i/axi_vdma_1/U0/I_PRMRY_DATAMOVER/GEN_MM2S_FULL.I_MM2S_FULL_WRAPPER/GEN_INCLUDE_MM2S_SF.I_RD_SF/I_DATA_FIFO/BLK_MEM.I_SYNC_FIFOGEN_FIFO/FAMILY_SUPPORTED.I_SYNC_FIFO_BRAM/inst_fifo_gen/gconvfifo.rf/grf.rf/gntv_or_sync_fifo.gl0.rd/gr1.gr1_int.rfwft/aempty_fwft_i, system_i/axi_mem_intercon/m00_couplers/auto_pc/inst/gen_axi4_axi3.axi3_conv_inst/USE_WRITE.write_addr_inst/USE_B_CHANNEL.cmd_b_queue/inst/fifo_gen_inst/inst_fifo_gen/gconvfifo.rf/grf.rf/gntv_or_sync_fifo.gl0.rd/gr1.gr1_int.rfwft/aempty_fwft_i, system_i/axi_vdma_2/U0/GEN_SPRT_FOR_S2MM.S2MM_LINEBUFFER_I/GEN_NO_FSYNC_LOGIC.GEN_LINEBUFFER.GEN_SYNC_FIFO.I_LINEBUFFER_FIFO/fg_inst/inst_fifo_gen/gconvfifo.rf/grf.rf/gntv_or_sync_fifo.gl0.rd/gr1.gr1_int.rfwft/aempty_fwft_i, system_i/axi_vdma_2/U0/I_PRMRY_DATAMOVER/GEN_S2MM_FULL.I_S2MM_FULL_WRAPPER/GEN_ENABLE_INDET_BTT_SF.I_INDET_BTT/I_DATA_FIFO/BLK_MEM.I_SYNC_FIFOGEN_FIFO/FAMILY_SUPPORTED.I_SYNC_FIFO_BRAM/inst_fifo_gen/gconvfifo.rf/grf.rf/gntv_or_sync_fifo.gl0.rd/gr1.gr1_int.rfwft/aempty_fwft_i, system_i/axi_vdma_0/U0/GEN_SPRT_FOR_MM2S.MM2S_LINEBUFFER_I/GEN_LINEBUF_FLUSH_SOF.GEN_LINEBUFFER.GEN_ASYNC_FIFO.LB_BRAM.I_LINEBUFFER_FIFO/fg_inst/inst_fifo_gen/gconvfifo.rf/grf.rf/gntv_or_sync_fifo.gl0.rd/gr1.gr1_int.rfwft/aempty_fwft_i, system_i/axi_mem_intercon/m00_couplers/auto_pc/inst/gen_axi4_axi3.axi3_conv_inst/USE_READ.USE_SPLIT_R.read_addr_inst/USE_R_CHANNEL.cmd_queue/inst/fifo_gen_inst/inst_fifo_gen/gconvfifo.rf/grf.rf/gntv_or_sync_fifo.gl0.rd/gr1.gr1_int.rfwft/aempty_fwft_i, system_i/axi_vdma_1/U0/GEN_SPRT_FOR_MM2S.MM2S_LINEBUFFER_I/GEN_LINEBUF_FLUSH_SOF.GEN_LINEBUFFER.GEN_ASYNC_FIFO.LB_BRAM.I_LINEBUFFER_FIFO/fg_inst/inst_fifo_gen/gconvfifo.rf/grf.rf/gntv_or_sync_fifo.gl0.rd/gr1.gr1_int.rfwft/aempty_fwft_i, system_i/axi_vdma_0/U0/I_PRMRY_DATAMOVER/GEN_MM2S_FULL.I_MM2S_FULL_WRAPPER/GEN_INCLUDE_MM2S_SF.I_RD_SF/I_DATA_FIFO/BLK_MEM.I_SYNC_FIFOGEN_FIFO/FAMILY_SUPPORTED.I_SYNC_FIFO_BRAM/inst_fifo_gen/gconvfifo.rf/grf.rf/gntv_or_sync_fifo.gl0.rd/gr1.gr1_int.rfwft/empty_fwft_i, system_i/axi_vdma_2/U0/I_PRMRY_DATAMOVER/GEN_S2MM_FULL.I_S2MM_FULL_WRAPPER/GEN_ENABLE_INDET_BTT_SF.I_INDET_BTT/I_DATA_FIFO/BLK_MEM.I_SYNC_FIFOGEN_FIFO/FAMILY_SUPPORTED.I_SYNC_FIFO_BRAM/inst_fifo_gen/gconvfifo.rf/grf.rf/gntv_or_sync_fifo.gl0.rd/gr1.gr1_int.rfwft/empty_fwft_i, system_i/axi_vdma_1/U0/I_PRMRY_DATAMOVER/GEN_MM2S_FULL.I_MM2S_FULL_WRAPPER/GEN_INCLUDE_MM2S_SF.I_RD_SF/I_DATA_FIFO/BLK_MEM.I_SYNC_FIFOGEN_FIFO/FAMILY_SUPPORTED.I_SYNC_FIFO_BRAM/inst_fifo_gen/gconvfifo.rf/grf.rf/gntv_or_sync_fifo.gl0.rd/gr1.gr1_int.rfwft/empty_fwft_i, system_i/axi_vdma_2/U0/GEN_SPRT_FOR_S2MM.S2MM_LINEBUFFER_I/GEN_NO_FSYNC_LOGIC.GEN_LINEBUFFER.GEN_SYNC_FIFO.I_LINEBUFFER_FIFO/fg_inst/inst_fifo_gen/gconvfifo.rf/grf.rf/gntv_or_sync_fifo.gl0.wr/gwss.wsts/ram_afull_fb, system_i/axi_mem_intercon/m00_couplers/auto_pc/inst/gen_axi4_axi3.axi3_conv_inst/USE_WRITE.write_addr_inst/USE_BURSTS.cmd_queue/inst/fifo_gen_inst/inst_fifo_gen/gconvfifo.rf/grf.rf/gntv_or_sync_fifo.gl0.wr/gwss.wsts/ram_afull_fb, system_i/axi_vdma_0/U0/I_PRMRY_DATAMOVER/GEN_MM2S_FULL.I_MM2S_FULL_WRAPPER/GEN_INCLUDE_MM2S_SF.I_RD_SF/I_DATA_FIFO/BLK_MEM.I_SYNC_FIFOGEN_FIFO/FAMILY_SUPPORTED.I_SYNC_FIFO_BRAM/inst_fifo_gen/gconvfifo.rf/grf.rf/gntv_or_sync_fifo.gl0.wr/gwss.wsts/ram_afull_fb (the first 15 of 55 listed).
Related violations: <none>


